2024-10-07T20:27:02.534-03:00  INFO 4556 --- [montadora] [restartedMain] b.c.e.montadora.MontadoraApplication     : Starting MontadoraApplication using Java 17.0.11 with PID 4556 (C:\Users\lucas\OneDrive\Desktop\Residencia\api\workspace\montadora\target\classes started by Lucas in C:\Users\lucas\OneDrive\Desktop\Residencia\api\workspace\montadora)
2024-10-07T20:27:02.542-03:00  INFO 4556 --- [montadora] [restartedMain] b.c.e.montadora.MontadoraApplication     : No active profile set, falling back to 1 default profile: "default"
2024-10-07T20:27:02.612-03:00  INFO 4556 --- [montadora] [restartedMain] .e.DevToolsPropertyDefaultsPostProcessor : Devtools property defaults active! Set 'spring.devtools.add-properties' to 'false' to disable
2024-10-07T20:27:02.613-03:00  INFO 4556 --- [montadora] [restartedMain] .e.DevToolsPropertyDefaultsPostProcessor : For additional web related logging consider setting the 'logging.level.web' property to 'DEBUG'
2024-10-07T20:27:03.642-03:00  INFO 4556 --- [montadora] [restartedMain] .s.d.r.c.RepositoryConfigurationDelegate : Bootstrapping Spring Data JPA repositories in DEFAULT mode.
2024-10-07T20:27:03.671-03:00  INFO 4556 --- [montadora] [restartedMain] .s.d.r.c.RepositoryConfigurationDelegate : Finished Spring Data repository scanning in 17 ms. Found 0 JPA repository interfaces.
2024-10-07T20:27:04.296-03:00  INFO 4556 --- [montadora] [restartedMain] o.s.b.w.embedded.tomcat.TomcatWebServer  : Tomcat initialized with port 8000 (http)
2024-10-07T20:27:04.313-03:00  INFO 4556 --- [montadora] [restartedMain] o.apache.catalina.core.StandardService   : Starting service [Tomcat]
2024-10-07T20:27:04.313-03:00  INFO 4556 --- [montadora] [restartedMain] o.apache.catalina.core.StandardEngine    : Starting Servlet engine: [Apache Tomcat/10.1.30]
2024-10-07T20:27:04.395-03:00  INFO 4556 --- [montadora] [restartedMain] o.a.c.c.C.[.[localhost].[/montadora]     : Initializing Spring embedded WebApplicationContext
2024-10-07T20:27:04.396-03:00  INFO 4556 --- [montadora] [restartedMain] w.s.c.ServletWebServerApplicationContext : Root WebApplicationContext: initialization completed in 1781 ms
2024-10-07T20:27:04.593-03:00  INFO 4556 --- [montadora] [restartedMain] o.hibernate.jpa.internal.util.LogHelper  : HHH000204: Processing PersistenceUnitInfo [name: default]
2024-10-07T20:27:04.700-03:00  INFO 4556 --- [montadora] [restartedMain] org.hibernate.Version                    : HHH000412: Hibernate ORM core version 6.5.3.Final
2024-10-07T20:27:04.755-03:00  INFO 4556 --- [montadora] [restartedMain] o.h.c.internal.RegionFactoryInitiator    : HHH000026: Second-level cache disabled
2024-10-07T20:27:05.217-03:00  INFO 4556 --- [montadora] [restartedMain] o.s.o.j.p.SpringPersistenceUnitInfo      : No LoadTimeWeaver setup: ignoring JPA class transformer
2024-10-07T20:27:05.261-03:00  INFO 4556 --- [montadora] [restartedMain] com.zaxxer.hikari.HikariDataSource       : HikariPool-1 - Starting...
2024-10-07T20:27:05.532-03:00  INFO 4556 --- [montadora] [restartedMain] com.zaxxer.hikari.pool.HikariPool        : HikariPool-1 - Added connection org.postgresql.jdbc.PgConnection@61f5c0d2
2024-10-07T20:27:05.534-03:00  INFO 4556 --- [montadora] [restartedMain] com.zaxxer.hikari.HikariDataSource       : HikariPool-1 - Start completed.
2024-10-07T20:27:06.046-03:00  INFO 4556 --- [montadora] [restartedMain] o.h.e.t.j.p.i.JtaPlatformInitiator       : HHH000489: No JTA platform available (set 'hibernate.transaction.jta.platform' to enable JTA platform integration)
2024-10-07T20:27:06.054-03:00  INFO 4556 --- [montadora] [restartedMain] j.LocalContainerEntityManagerFactoryBean : Initialized JPA EntityManagerFactory for persistence unit 'default'
2024-10-07T20:27:06.362-03:00 DEBUG 4556 --- [montadora] [restartedMain] s.w.s.m.m.a.RequestMappingHandlerMapping : 7 mappings in 'requestMappingHandlerMapping'
2024-10-07T20:27:06.447-03:00 DEBUG 4556 --- [montadora] [restartedMain] o.s.w.s.handler.SimpleUrlHandlerMapping  : Patterns [/webjars/**, /**, /swagger-ui*/*swagger-initializer.js, /swagger-ui*/**] in 'resourceHandlerMapping'
2024-10-07T20:27:06.488-03:00 DEBUG 4556 --- [montadora] [restartedMain] s.w.s.m.m.a.RequestMappingHandlerAdapter : ControllerAdvice beans: 0 @ModelAttribute, 0 @InitBinder, 1 RequestBodyAdvice, 1 ResponseBodyAdvice
2024-10-07T20:27:06.526-03:00 DEBUG 4556 --- [montadora] [restartedMain] .m.m.a.ExceptionHandlerExceptionResolver : ControllerAdvice beans: 1 @ExceptionHandler, 1 ResponseBodyAdvice
2024-10-07T20:27:06.713-03:00  INFO 4556 --- [montadora] [restartedMain] o.s.b.d.a.OptionalLiveReloadServer       : LiveReload server is running on port 35729
2024-10-07T20:27:06.760-03:00  INFO 4556 --- [montadora] [restartedMain] o.s.b.w.embedded.tomcat.TomcatWebServer  : Tomcat started on port 8000 (http) with context path '/montadora'
2024-10-07T20:27:06.772-03:00  INFO 4556 --- [montadora] [restartedMain] b.c.e.montadora.MontadoraApplication     : Started MontadoraApplication in 4.774 seconds (process running for 6.757)
2024-10-07T20:27:24.133-03:00  INFO 4556 --- [montadora] [http-nio-8000-exec-2] o.a.c.c.C.[.[localhost].[/montadora]     : Initializing Spring DispatcherServlet 'dispatcherServlet'
2024-10-07T20:27:24.134-03:00  INFO 4556 --- [montadora] [http-nio-8000-exec-2] o.s.web.servlet.DispatcherServlet        : Initializing Servlet 'dispatcherServlet'
2024-10-07T20:27:24.134-03:00 DEBUG 4556 --- [montadora] [http-nio-8000-exec-2] o.s.web.servlet.DispatcherServlet        : Detected StandardServletMultipartResolver
2024-10-07T20:27:24.134-03:00 DEBUG 4556 --- [montadora] [http-nio-8000-exec-2] o.s.web.servlet.DispatcherServlet        : Detected AcceptHeaderLocaleResolver
2024-10-07T20:27:24.134-03:00 DEBUG 4556 --- [montadora] [http-nio-8000-exec-2] o.s.web.servlet.DispatcherServlet        : Detected FixedThemeResolver
2024-10-07T20:27:24.136-03:00 DEBUG 4556 --- [montadora] [http-nio-8000-exec-2] o.s.web.servlet.DispatcherServlet        : Detected org.springframework.web.servlet.view.DefaultRequestToViewNameTranslator@49e6034a
2024-10-07T20:27:24.137-03:00 DEBUG 4556 --- [montadora] [http-nio-8000-exec-2] o.s.web.servlet.DispatcherServlet        : Detected org.springframework.web.servlet.support.SessionFlashMapManager@4727a54b
2024-10-07T20:27:24.137-03:00 DEBUG 4556 --- [montadora] [http-nio-8000-exec-2] o.s.web.servlet.DispatcherServlet        : enableLoggingRequestDetails='false': request parameters and headers will be masked to prevent unsafe logging of potentially sensitive data
2024-10-07T20:27:24.137-03:00  INFO 4556 --- [montadora] [http-nio-8000-exec-2] o.s.web.servlet.DispatcherServlet        : Completed initialization in 3 ms
2024-10-07T20:27:24.148-03:00 DEBUG 4556 --- [montadora] [http-nio-8000-exec-2] o.s.web.servlet.DispatcherServlet        : GET "/montadora/swagger-ui/index.html", parameters={}
2024-10-07T20:27:24.157-03:00 DEBUG 4556 --- [montadora] [http-nio-8000-exec-2] o.s.w.s.handler.SimpleUrlHandlerMapping  : Mapped to ResourceHttpRequestHandler [classpath [META-INF/resources/webjars/]]
2024-10-07T20:27:24.231-03:00 DEBUG 4556 --- [montadora] [http-nio-8000-exec-2] o.s.web.servlet.DispatcherServlet        : Completed 304 NOT_MODIFIED
2024-10-07T20:27:24.255-03:00 DEBUG 4556 --- [montadora] [http-nio-8000-exec-1] o.s.web.servlet.DispatcherServlet        : GET "/montadora/swagger-ui/swagger-ui.css", parameters={}
2024-10-07T20:27:24.256-03:00 DEBUG 4556 --- [montadora] [http-nio-8000-exec-1] o.s.w.s.handler.SimpleUrlHandlerMapping  : Mapped to ResourceHttpRequestHandler [classpath [META-INF/resources/webjars/]]
2024-10-07T20:27:24.267-03:00 DEBUG 4556 --- [montadora] [http-nio-8000-exec-3] o.s.web.servlet.DispatcherServlet        : GET "/montadora/swagger-ui/index.css", parameters={}
2024-10-07T20:27:24.268-03:00 DEBUG 4556 --- [montadora] [http-nio-8000-exec-3] o.s.w.s.handler.SimpleUrlHandlerMapping  : Mapped to ResourceHttpRequestHandler [classpath [META-INF/resources/webjars/]]
2024-10-07T20:27:24.271-03:00 DEBUG 4556 --- [montadora] [http-nio-8000-exec-4] o.s.web.servlet.DispatcherServlet        : GET "/montadora/swagger-ui/swagger-ui-bundle.js", parameters={}
2024-10-07T20:27:24.272-03:00 DEBUG 4556 --- [montadora] [http-nio-8000-exec-4] o.s.w.s.handler.SimpleUrlHandlerMapping  : Mapped to ResourceHttpRequestHandler [classpath [META-INF/resources/webjars/]]
2024-10-07T20:27:24.272-03:00 DEBUG 4556 --- [montadora] [http-nio-8000-exec-3] o.s.web.servlet.DispatcherServlet        : Completed 200 OK
2024-10-07T20:27:24.274-03:00 DEBUG 4556 --- [montadora] [http-nio-8000-exec-5] o.s.web.servlet.DispatcherServlet        : GET "/montadora/swagger-ui/swagger-ui-standalone-preset.js", parameters={}
2024-10-07T20:27:24.275-03:00 DEBUG 4556 --- [montadora] [http-nio-8000-exec-5] o.s.w.s.handler.SimpleUrlHandlerMapping  : Mapped to ResourceHttpRequestHandler [classpath [META-INF/resources/webjars/]]
2024-10-07T20:27:24.275-03:00 DEBUG 4556 --- [montadora] [http-nio-8000-exec-1] o.s.web.servlet.DispatcherServlet        : Completed 200 OK
2024-10-07T20:27:24.276-03:00 DEBUG 4556 --- [montadora] [http-nio-8000-exec-6] o.s.web.servlet.DispatcherServlet        : GET "/montadora/swagger-ui/swagger-initializer.js", parameters={}
2024-10-07T20:27:24.277-03:00 DEBUG 4556 --- [montadora] [http-nio-8000-exec-6] o.s.w.s.handler.SimpleUrlHandlerMapping  : Mapped to ResourceHttpRequestHandler [classpath [META-INF/resources/webjars/]]
2024-10-07T20:27:24.286-03:00 DEBUG 4556 --- [montadora] [http-nio-8000-exec-5] o.s.web.servlet.DispatcherServlet        : Completed 200 OK
2024-10-07T20:27:24.296-03:00 DEBUG 4556 --- [montadora] [http-nio-8000-exec-4] o.s.web.servlet.DispatcherServlet        : Completed 200 OK
2024-10-07T20:27:24.319-03:00 DEBUG 4556 --- [montadora] [http-nio-8000-exec-6] o.s.web.servlet.DispatcherServlet        : Completed 200 OK
2024-10-07T20:27:24.685-03:00 DEBUG 4556 --- [montadora] [http-nio-8000-exec-7] o.s.web.servlet.DispatcherServlet        : GET "/montadora/swagger-ui/favicon-32x32.png", parameters={}
2024-10-07T20:27:24.686-03:00 DEBUG 4556 --- [montadora] [http-nio-8000-exec-7] o.s.w.s.handler.SimpleUrlHandlerMapping  : Mapped to ResourceHttpRequestHandler [classpath [META-INF/resources/webjars/]]
2024-10-07T20:27:24.689-03:00 DEBUG 4556 --- [montadora] [http-nio-8000-exec-7] o.s.web.servlet.DispatcherServlet        : Completed 200 OK
2024-10-07T20:27:24.755-03:00 DEBUG 4556 --- [montadora] [http-nio-8000-exec-8] o.s.web.servlet.DispatcherServlet        : GET "/montadora/v3/api-docs/swagger-config", parameters={}
2024-10-07T20:27:24.758-03:00 DEBUG 4556 --- [montadora] [http-nio-8000-exec-8] s.w.s.m.m.a.RequestMappingHandlerMapping : Mapped to org.springdoc.webmvc.ui.SwaggerConfigResource#openapiJson(HttpServletRequest)
2024-10-07T20:27:24.787-03:00 DEBUG 4556 --- [montadora] [http-nio-8000-exec-8] m.m.a.RequestResponseBodyMethodProcessor : Using 'application/json', given [*/*] and supported [application/json]
2024-10-07T20:27:24.790-03:00 DEBUG 4556 --- [montadora] [http-nio-8000-exec-8] m.m.a.RequestResponseBodyMethodProcessor : Writing [{configUrl=/montadora/v3/api-docs/swagger-config, oauth2RedirectUrl=http://localhost:8000/montadora/ (truncated)...]
2024-10-07T20:27:24.798-03:00 DEBUG 4556 --- [montadora] [http-nio-8000-exec-8] o.s.web.servlet.DispatcherServlet        : Completed 200 OK
2024-10-07T20:27:24.809-03:00 DEBUG 4556 --- [montadora] [http-nio-8000-exec-9] o.s.web.servlet.DispatcherServlet        : GET "/montadora/v3/api-docs", parameters={}
2024-10-07T20:27:24.809-03:00 DEBUG 4556 --- [montadora] [http-nio-8000-exec-9] s.w.s.m.m.a.RequestMappingHandlerMapping : Mapped to org.springdoc.webmvc.api.OpenApiWebMvcResource#openapiJson(HttpServletRequest, String, Locale)
2024-10-07T20:27:25.055-03:00  INFO 4556 --- [montadora] [http-nio-8000-exec-9] o.springdoc.api.AbstractOpenApiResource  : Init duration for springdoc-openapi is: 228 ms
2024-10-07T20:27:25.082-03:00 DEBUG 4556 --- [montadora] [http-nio-8000-exec-9] m.m.a.RequestResponseBodyMethodProcessor : Using 'application/json', given [application/json, */*] and supported [application/json]
2024-10-07T20:27:25.084-03:00 DEBUG 4556 --- [montadora] [http-nio-8000-exec-9] m.m.a.RequestResponseBodyMethodProcessor : Writing [{123, 34, 111, 112, 101, 110, 97, 112, 105, 34, 58, 34, 51, 46, 48, 46, 49, 34, 44, 34, 105, 110, 10 (truncated)...]
2024-10-07T20:27:25.085-03:00 DEBUG 4556 --- [montadora] [http-nio-8000-exec-9] o.s.web.servlet.DispatcherServlet        : Completed 200 OK
2024-10-07T20:28:49.766-03:00  INFO 4556 --- [montadora] [RMI TCP Connection(6)-127.0.0.1] inMXBeanRegistrar$SpringApplicationAdmin : Application shutdown requested.
2024-10-07T20:28:49.818-03:00  INFO 4556 --- [montadora] [RMI TCP Connection(6)-127.0.0.1] j.LocalContainerEntityManagerFactoryBean : Closing JPA EntityManagerFactory for persistence unit 'default'
2024-10-07T20:28:49.821-03:00  INFO 4556 --- [montadora] [RMI TCP Connection(6)-127.0.0.1] com.zaxxer.hikari.HikariDataSource       : HikariPool-1 - Shutdown initiated...
2024-10-07T20:28:49.823-03:00  INFO 4556 --- [montadora] [RMI TCP Connection(6)-127.0.0.1] com.zaxxer.hikari.HikariDataSource       : HikariPool-1 - Shutdown completed.
2024-10-07T20:30:13.777-03:00  INFO 12092 --- [montadora] [restartedMain] b.c.e.montadora.MontadoraApplication     : Starting MontadoraApplication using Java 17.0.11 with PID 12092 (C:\Users\lucas\OneDrive\Desktop\Residencia\api\workspace\montadora\target\classes started by Lucas in C:\Users\lucas\OneDrive\Desktop\Residencia\api\workspace\montadora)
2024-10-07T20:30:13.779-03:00  INFO 12092 --- [montadora] [restartedMain] b.c.e.montadora.MontadoraApplication     : No active profile set, falling back to 1 default profile: "default"
2024-10-07T20:30:13.825-03:00  INFO 12092 --- [montadora] [restartedMain] .e.DevToolsPropertyDefaultsPostProcessor : Devtools property defaults active! Set 'spring.devtools.add-properties' to 'false' to disable
2024-10-07T20:30:13.826-03:00  INFO 12092 --- [montadora] [restartedMain] .e.DevToolsPropertyDefaultsPostProcessor : For additional web related logging consider setting the 'logging.level.web' property to 'DEBUG'
2024-10-07T20:30:14.604-03:00  INFO 12092 --- [montadora] [restartedMain] .s.d.r.c.RepositoryConfigurationDelegate : Bootstrapping Spring Data JPA repositories in DEFAULT mode.
2024-10-07T20:30:14.627-03:00  INFO 12092 --- [montadora] [restartedMain] .s.d.r.c.RepositoryConfigurationDelegate : Finished Spring Data repository scanning in 14 ms. Found 0 JPA repository interfaces.
2024-10-07T20:30:15.181-03:00  INFO 12092 --- [montadora] [restartedMain] o.s.b.w.embedded.tomcat.TomcatWebServer  : Tomcat initialized with port 8000 (http)
2024-10-07T20:30:15.195-03:00  INFO 12092 --- [montadora] [restartedMain] o.apache.catalina.core.StandardService   : Starting service [Tomcat]
2024-10-07T20:30:15.196-03:00  INFO 12092 --- [montadora] [restartedMain] o.apache.catalina.core.StandardEngine    : Starting Servlet engine: [Apache Tomcat/10.1.30]
2024-10-07T20:30:15.271-03:00  INFO 12092 --- [montadora] [restartedMain] o.a.c.c.C.[.[localhost].[/montadora]     : Initializing Spring embedded WebApplicationContext
2024-10-07T20:30:15.271-03:00  INFO 12092 --- [montadora] [restartedMain] w.s.c.ServletWebServerApplicationContext : Root WebApplicationContext: initialization completed in 1444 ms
2024-10-07T20:30:15.437-03:00  INFO 12092 --- [montadora] [restartedMain] o.hibernate.jpa.internal.util.LogHelper  : HHH000204: Processing PersistenceUnitInfo [name: default]
2024-10-07T20:30:15.505-03:00  INFO 12092 --- [montadora] [restartedMain] org.hibernate.Version                    : HHH000412: Hibernate ORM core version 6.5.3.Final
2024-10-07T20:30:15.551-03:00  INFO 12092 --- [montadora] [restartedMain] o.h.c.internal.RegionFactoryInitiator    : HHH000026: Second-level cache disabled
2024-10-07T20:30:15.939-03:00  INFO 12092 --- [montadora] [restartedMain] o.s.o.j.p.SpringPersistenceUnitInfo      : No LoadTimeWeaver setup: ignoring JPA class transformer
2024-10-07T20:30:15.981-03:00  INFO 12092 --- [montadora] [restartedMain] com.zaxxer.hikari.HikariDataSource       : HikariPool-1 - Starting...
2024-10-07T20:30:16.166-03:00  INFO 12092 --- [montadora] [restartedMain] com.zaxxer.hikari.pool.HikariPool        : HikariPool-1 - Added connection org.postgresql.jdbc.PgConnection@2a42703
2024-10-07T20:30:16.168-03:00  INFO 12092 --- [montadora] [restartedMain] com.zaxxer.hikari.HikariDataSource       : HikariPool-1 - Start completed.
2024-10-07T20:30:16.619-03:00  INFO 12092 --- [montadora] [restartedMain] o.h.e.t.j.p.i.JtaPlatformInitiator       : HHH000489: No JTA platform available (set 'hibernate.transaction.jta.platform' to enable JTA platform integration)
2024-10-07T20:30:16.626-03:00  INFO 12092 --- [montadora] [restartedMain] j.LocalContainerEntityManagerFactoryBean : Initialized JPA EntityManagerFactory for persistence unit 'default'
2024-10-07T20:30:16.945-03:00 DEBUG 12092 --- [montadora] [restartedMain] s.w.s.m.m.a.RequestMappingHandlerMapping : 7 mappings in 'requestMappingHandlerMapping'
2024-10-07T20:30:17.047-03:00 DEBUG 12092 --- [montadora] [restartedMain] o.s.w.s.handler.SimpleUrlHandlerMapping  : Patterns [/webjars/**, /**, /swagger-ui*/*swagger-initializer.js, /swagger-ui*/**] in 'resourceHandlerMapping'
2024-10-07T20:30:17.088-03:00 DEBUG 12092 --- [montadora] [restartedMain] s.w.s.m.m.a.RequestMappingHandlerAdapter : ControllerAdvice beans: 0 @ModelAttribute, 0 @InitBinder, 1 RequestBodyAdvice, 1 ResponseBodyAdvice
2024-10-07T20:30:17.131-03:00 DEBUG 12092 --- [montadora] [restartedMain] .m.m.a.ExceptionHandlerExceptionResolver : ControllerAdvice beans: 1 @ExceptionHandler, 1 ResponseBodyAdvice
2024-10-07T20:30:17.341-03:00  INFO 12092 --- [montadora] [restartedMain] o.s.b.d.a.OptionalLiveReloadServer       : LiveReload server is running on port 35729
2024-10-07T20:30:17.382-03:00  INFO 12092 --- [montadora] [restartedMain] o.s.b.w.embedded.tomcat.TomcatWebServer  : Tomcat started on port 8000 (http) with context path '/montadora'
2024-10-07T20:30:17.394-03:00  INFO 12092 --- [montadora] [restartedMain] b.c.e.montadora.MontadoraApplication     : Started MontadoraApplication in 3.995 seconds (process running for 4.761)
2024-10-07T20:30:20.688-03:00  INFO 12092 --- [montadora] [http-nio-8000-exec-1] o.a.c.c.C.[.[localhost].[/montadora]     : Initializing Spring DispatcherServlet 'dispatcherServlet'
2024-10-07T20:30:20.689-03:00  INFO 12092 --- [montadora] [http-nio-8000-exec-1] o.s.web.servlet.DispatcherServlet        : Initializing Servlet 'dispatcherServlet'
2024-10-07T20:30:20.689-03:00 DEBUG 12092 --- [montadora] [http-nio-8000-exec-1] o.s.web.servlet.DispatcherServlet        : Detected StandardServletMultipartResolver
2024-10-07T20:30:20.689-03:00 DEBUG 12092 --- [montadora] [http-nio-8000-exec-1] o.s.web.servlet.DispatcherServlet        : Detected AcceptHeaderLocaleResolver
2024-10-07T20:30:20.689-03:00 DEBUG 12092 --- [montadora] [http-nio-8000-exec-1] o.s.web.servlet.DispatcherServlet        : Detected FixedThemeResolver
2024-10-07T20:30:20.690-03:00 DEBUG 12092 --- [montadora] [http-nio-8000-exec-1] o.s.web.servlet.DispatcherServlet        : Detected org.springframework.web.servlet.view.DefaultRequestToViewNameTranslator@3608a8a9
2024-10-07T20:30:20.690-03:00 DEBUG 12092 --- [montadora] [http-nio-8000-exec-1] o.s.web.servlet.DispatcherServlet        : Detected org.springframework.web.servlet.support.SessionFlashMapManager@254e08df
2024-10-07T20:30:20.691-03:00 DEBUG 12092 --- [montadora] [http-nio-8000-exec-1] o.s.web.servlet.DispatcherServlet        : enableLoggingRequestDetails='false': request parameters and headers will be masked to prevent unsafe logging of potentially sensitive data
2024-10-07T20:30:20.691-03:00  INFO 12092 --- [montadora] [http-nio-8000-exec-1] o.s.web.servlet.DispatcherServlet        : Completed initialization in 2 ms
2024-10-07T20:30:20.700-03:00 DEBUG 12092 --- [montadora] [http-nio-8000-exec-1] o.s.web.servlet.DispatcherServlet        : GET "/montadora/swagger-ui/index.html", parameters={}
2024-10-07T20:30:20.710-03:00 DEBUG 12092 --- [montadora] [http-nio-8000-exec-1] o.s.w.s.handler.SimpleUrlHandlerMapping  : Mapped to ResourceHttpRequestHandler [classpath [META-INF/resources/webjars/]]
2024-10-07T20:30:20.780-03:00 DEBUG 12092 --- [montadora] [http-nio-8000-exec-1] o.s.web.servlet.DispatcherServlet        : Completed 304 NOT_MODIFIED
2024-10-07T20:30:20.822-03:00 DEBUG 12092 --- [montadora] [http-nio-8000-exec-3] o.s.web.servlet.DispatcherServlet        : GET "/montadora/swagger-ui/swagger-initializer.js", parameters={}
2024-10-07T20:30:20.823-03:00 DEBUG 12092 --- [montadora] [http-nio-8000-exec-3] o.s.w.s.handler.SimpleUrlHandlerMapping  : Mapped to ResourceHttpRequestHandler [classpath [META-INF/resources/webjars/]]
2024-10-07T20:30:20.864-03:00 DEBUG 12092 --- [montadora] [http-nio-8000-exec-3] o.s.web.servlet.DispatcherServlet        : Completed 200 OK
2024-10-07T20:30:21.109-03:00 DEBUG 12092 --- [montadora] [http-nio-8000-exec-2] o.s.web.servlet.DispatcherServlet        : GET "/montadora/v3/api-docs/swagger-config", parameters={}
2024-10-07T20:30:21.112-03:00 DEBUG 12092 --- [montadora] [http-nio-8000-exec-2] s.w.s.m.m.a.RequestMappingHandlerMapping : Mapped to org.springdoc.webmvc.ui.SwaggerConfigResource#openapiJson(HttpServletRequest)
2024-10-07T20:30:21.128-03:00 DEBUG 12092 --- [montadora] [http-nio-8000-exec-2] m.m.a.RequestResponseBodyMethodProcessor : Using 'application/json', given [*/*] and supported [application/json]
2024-10-07T20:30:21.130-03:00 DEBUG 12092 --- [montadora] [http-nio-8000-exec-2] m.m.a.RequestResponseBodyMethodProcessor : Writing [{configUrl=/montadora/v3/api-docs/swagger-config, oauth2RedirectUrl=http://localhost:8000/montadora/ (truncated)...]
2024-10-07T20:30:21.135-03:00 DEBUG 12092 --- [montadora] [http-nio-8000-exec-2] o.s.web.servlet.DispatcherServlet        : Completed 200 OK
2024-10-07T20:30:21.160-03:00 DEBUG 12092 --- [montadora] [http-nio-8000-exec-4] o.s.web.servlet.DispatcherServlet        : GET "/montadora/v3/api-docs", parameters={}
2024-10-07T20:30:21.161-03:00 DEBUG 12092 --- [montadora] [http-nio-8000-exec-4] s.w.s.m.m.a.RequestMappingHandlerMapping : Mapped to org.springdoc.webmvc.api.OpenApiWebMvcResource#openapiJson(HttpServletRequest, String, Locale)
2024-10-07T20:30:21.370-03:00  INFO 12092 --- [montadora] [http-nio-8000-exec-4] o.springdoc.api.AbstractOpenApiResource  : Init duration for springdoc-openapi is: 193 ms
2024-10-07T20:30:21.391-03:00 DEBUG 12092 --- [montadora] [http-nio-8000-exec-4] m.m.a.RequestResponseBodyMethodProcessor : Using 'application/json', given [application/json, */*] and supported [application/json]
2024-10-07T20:30:21.392-03:00 DEBUG 12092 --- [montadora] [http-nio-8000-exec-4] m.m.a.RequestResponseBodyMethodProcessor : Writing [{123, 34, 111, 112, 101, 110, 97, 112, 105, 34, 58, 34, 51, 46, 48, 46, 49, 34, 44, 34, 105, 110, 10 (truncated)...]
2024-10-07T20:30:21.393-03:00 DEBUG 12092 --- [montadora] [http-nio-8000-exec-4] o.s.web.servlet.DispatcherServlet        : Completed 200 OK
2024-10-07T20:30:46.939-03:00 DEBUG 12092 --- [montadora] [http-nio-8000-exec-6] o.s.web.servlet.DispatcherServlet        : GET "/montadora/", parameters={}
2024-10-07T20:30:46.941-03:00 DEBUG 12092 --- [montadora] [http-nio-8000-exec-6] o.s.w.s.handler.SimpleUrlHandlerMapping  : Mapped to ResourceHttpRequestHandler [classpath [META-INF/resources/], classpath [resources/], classpath [static/], classpath [public/], ServletContext [/]]
2024-10-07T20:30:46.942-03:00 DEBUG 12092 --- [montadora] [http-nio-8000-exec-6] o.s.w.s.r.ResourceHttpRequestHandler     : Resource not found
2024-10-07T20:30:46.944-03:00 DEBUG 12092 --- [montadora] [http-nio-8000-exec-6] .w.s.m.s.DefaultHandlerExceptionResolver : Resolved [org.springframework.web.servlet.resource.NoResourceFoundException: No static resource .]
2024-10-07T20:30:46.945-03:00 DEBUG 12092 --- [montadora] [http-nio-8000-exec-6] o.s.web.servlet.DispatcherServlet        : Completed 404 NOT_FOUND
2024-10-07T20:30:46.951-03:00 DEBUG 12092 --- [montadora] [http-nio-8000-exec-6] o.s.web.servlet.DispatcherServlet        : "ERROR" dispatch for GET "/montadora/error", parameters={}
2024-10-07T20:30:46.953-03:00 DEBUG 12092 --- [montadora] [http-nio-8000-exec-6] s.w.s.m.m.a.RequestMappingHandlerMapping : Mapped to org.springframework.boot.autoconfigure.web.servlet.error.BasicErrorController#errorHtml(HttpServletRequest, HttpServletResponse)
2024-10-07T20:30:46.979-03:00 DEBUG 12092 --- [montadora] [http-nio-8000-exec-6] o.s.w.s.v.ContentNegotiatingViewResolver : Selected 'text/html' given [text/html, text/html;q=0.8]
2024-10-07T20:30:46.986-03:00 DEBUG 12092 --- [montadora] [http-nio-8000-exec-6] o.s.web.servlet.DispatcherServlet        : Exiting from "ERROR" dispatch, status 404
2024-10-07T20:31:13.091-03:00 DEBUG 12092 --- [montadora] [http-nio-8000-exec-8] o.s.web.servlet.DispatcherServlet        : GET "/montadora/carro", parameters={}
2024-10-07T20:31:13.091-03:00 DEBUG 12092 --- [montadora] [http-nio-8000-exec-8] s.w.s.m.m.a.RequestMappingHandlerMapping : Mapped to br.com.example.montadora.controllers.CarroController#olaMundo()
2024-10-07T20:31:13.092-03:00 DEBUG 12092 --- [montadora] [http-nio-8000-exec-8] m.m.a.RequestResponseBodyMethodProcessor : Using 'text/html', given [text/html, application/xhtml+xml, image/avif, image/webp, image/apng, application/xml;q=0.9, */*;q=0.8, application/signed-exchange;v=b3;q=0.7] and supported [text/plain, */*, application/json, application/*+json]
2024-10-07T20:31:13.093-03:00 DEBUG 12092 --- [montadora] [http-nio-8000-exec-8] m.m.a.RequestResponseBodyMethodProcessor : Writing ["Hello, world!"]
2024-10-07T20:31:13.094-03:00 DEBUG 12092 --- [montadora] [http-nio-8000-exec-8] o.s.web.servlet.DispatcherServlet        : Completed 200 OK
2024-10-07T20:37:03.745-03:00  INFO 12092 --- [montadora] [RMI TCP Connection(10)-127.0.0.1] inMXBeanRegistrar$SpringApplicationAdmin : Application shutdown requested.
2024-10-07T20:37:03.803-03:00  INFO 12092 --- [montadora] [RMI TCP Connection(10)-127.0.0.1] j.LocalContainerEntityManagerFactoryBean : Closing JPA EntityManagerFactory for persistence unit 'default'
2024-10-07T20:37:03.806-03:00  INFO 12092 --- [montadora] [RMI TCP Connection(10)-127.0.0.1] com.zaxxer.hikari.HikariDataSource       : HikariPool-1 - Shutdown initiated...
2024-10-07T20:37:03.810-03:00  INFO 12092 --- [montadora] [RMI TCP Connection(10)-127.0.0.1] com.zaxxer.hikari.HikariDataSource       : HikariPool-1 - Shutdown completed.
