2024-10-15T15:33:16.870-03:00  INFO 14704 --- [calculadora] [restartedMain] b.c.e.c.CalculadoraApplication           : Starting CalculadoraApplication using Java 17.0.11 with PID 14704 (C:\Users\lucas\OneDrive\Desktop\Residencia\api\workspace\calculadora\target\classes started by Lucas in C:\Users\lucas\OneDrive\Desktop\Residencia\api\workspace\calculadora)
2024-10-15T15:33:16.877-03:00  INFO 14704 --- [calculadora] [restartedMain] b.c.e.c.CalculadoraApplication           : No active profile set, falling back to 1 default profile: "default"
2024-10-15T15:33:16.925-03:00  INFO 14704 --- [calculadora] [restartedMain] .e.DevToolsPropertyDefaultsPostProcessor : Devtools property defaults active! Set 'spring.devtools.add-properties' to 'false' to disable
2024-10-15T15:33:16.926-03:00  INFO 14704 --- [calculadora] [restartedMain] .e.DevToolsPropertyDefaultsPostProcessor : For additional web related logging consider setting the 'logging.level.web' property to 'DEBUG'
2024-10-15T15:33:17.675-03:00  INFO 14704 --- [calculadora] [restartedMain] .s.d.r.c.RepositoryConfigurationDelegate : Bootstrapping Spring Data JPA repositories in DEFAULT mode.
2024-10-15T15:33:17.695-03:00  INFO 14704 --- [calculadora] [restartedMain] .s.d.r.c.RepositoryConfigurationDelegate : Finished Spring Data repository scanning in 12 ms. Found 0 JPA repository interfaces.
2024-10-15T15:33:18.237-03:00  INFO 14704 --- [calculadora] [restartedMain] o.s.b.w.embedded.tomcat.TomcatWebServer  : Tomcat initialized with port 8000 (http)
2024-10-15T15:33:18.252-03:00  INFO 14704 --- [calculadora] [restartedMain] o.apache.catalina.core.StandardService   : Starting service [Tomcat]
2024-10-15T15:33:18.253-03:00  INFO 14704 --- [calculadora] [restartedMain] o.apache.catalina.core.StandardEngine    : Starting Servlet engine: [Apache Tomcat/10.1.30]
2024-10-15T15:33:18.331-03:00  INFO 14704 --- [calculadora] [restartedMain] o.a.c.c.C.[.[localhost].[/calculadora]   : Initializing Spring embedded WebApplicationContext
2024-10-15T15:33:18.331-03:00  INFO 14704 --- [calculadora] [restartedMain] w.s.c.ServletWebServerApplicationContext : Root WebApplicationContext: initialization completed in 1405 ms
2024-10-15T15:33:18.487-03:00  INFO 14704 --- [calculadora] [restartedMain] o.hibernate.jpa.internal.util.LogHelper  : HHH000204: Processing PersistenceUnitInfo [name: default]
2024-10-15T15:33:18.550-03:00  INFO 14704 --- [calculadora] [restartedMain] org.hibernate.Version                    : HHH000412: Hibernate ORM core version 6.5.3.Final
2024-10-15T15:33:18.588-03:00  INFO 14704 --- [calculadora] [restartedMain] o.h.c.internal.RegionFactoryInitiator    : HHH000026: Second-level cache disabled
2024-10-15T15:33:18.912-03:00  INFO 14704 --- [calculadora] [restartedMain] o.s.o.j.p.SpringPersistenceUnitInfo      : No LoadTimeWeaver setup: ignoring JPA class transformer
2024-10-15T15:33:18.946-03:00  INFO 14704 --- [calculadora] [restartedMain] com.zaxxer.hikari.HikariDataSource       : HikariPool-1 - Starting...
2024-10-15T15:33:19.115-03:00  INFO 14704 --- [calculadora] [restartedMain] com.zaxxer.hikari.pool.HikariPool        : HikariPool-1 - Added connection org.postgresql.jdbc.PgConnection@47e2ea0d
2024-10-15T15:33:19.117-03:00  INFO 14704 --- [calculadora] [restartedMain] com.zaxxer.hikari.HikariDataSource       : HikariPool-1 - Start completed.
2024-10-15T15:33:19.571-03:00  INFO 14704 --- [calculadora] [restartedMain] o.h.e.t.j.p.i.JtaPlatformInitiator       : HHH000489: No JTA platform available (set 'hibernate.transaction.jta.platform' to enable JTA platform integration)
2024-10-15T15:33:19.577-03:00  INFO 14704 --- [calculadora] [restartedMain] j.LocalContainerEntityManagerFactoryBean : Initialized JPA EntityManagerFactory for persistence unit 'default'
2024-10-15T15:33:19.819-03:00 DEBUG 14704 --- [calculadora] [restartedMain] s.w.s.m.m.a.RequestMappingHandlerMapping : 10 mappings in 'requestMappingHandlerMapping'
2024-10-15T15:33:19.895-03:00 DEBUG 14704 --- [calculadora] [restartedMain] o.s.w.s.handler.SimpleUrlHandlerMapping  : Patterns [/webjars/**, /**, /swagger-ui*/*swagger-initializer.js, /swagger-ui*/**] in 'resourceHandlerMapping'
2024-10-15T15:33:19.932-03:00 DEBUG 14704 --- [calculadora] [restartedMain] s.w.s.m.m.a.RequestMappingHandlerAdapter : ControllerAdvice beans: 0 @ModelAttribute, 0 @InitBinder, 1 RequestBodyAdvice, 1 ResponseBodyAdvice
2024-10-15T15:33:19.967-03:00 DEBUG 14704 --- [calculadora] [restartedMain] .m.m.a.ExceptionHandlerExceptionResolver : ControllerAdvice beans: 1 @ExceptionHandler, 1 ResponseBodyAdvice
2024-10-15T15:33:20.169-03:00  INFO 14704 --- [calculadora] [restartedMain] o.s.b.d.a.OptionalLiveReloadServer       : LiveReload server is running on port 35729
2024-10-15T15:33:20.209-03:00  INFO 14704 --- [calculadora] [restartedMain] o.s.b.w.embedded.tomcat.TomcatWebServer  : Tomcat started on port 8000 (http) with context path '/calculadora'
2024-10-15T15:33:20.221-03:00  INFO 14704 --- [calculadora] [restartedMain] b.c.e.c.CalculadoraApplication           : Started CalculadoraApplication in 3.726 seconds (process running for 4.456)
2024-10-15T15:33:23.135-03:00  INFO 14704 --- [calculadora] [RMI TCP Connection(2)-127.0.0.1] inMXBeanRegistrar$SpringApplicationAdmin : Application shutdown requested.
2024-10-15T15:33:23.192-03:00  INFO 14704 --- [calculadora] [RMI TCP Connection(2)-127.0.0.1] j.LocalContainerEntityManagerFactoryBean : Closing JPA EntityManagerFactory for persistence unit 'default'
2024-10-15T15:33:23.195-03:00  INFO 14704 --- [calculadora] [RMI TCP Connection(2)-127.0.0.1] com.zaxxer.hikari.HikariDataSource       : HikariPool-1 - Shutdown initiated...
2024-10-15T15:33:23.198-03:00  INFO 14704 --- [calculadora] [RMI TCP Connection(2)-127.0.0.1] com.zaxxer.hikari.HikariDataSource       : HikariPool-1 - Shutdown completed.
