2024-10-14T18:15:57.937-03:00  INFO 15460 --- [montadora] [restartedMain] b.c.e.montadora.MontadoraApplication     : Starting MontadoraApplication using Java 17.0.11 with PID 15460 (C:\Users\lucas\OneDrive\Desktop\Residencia\api\workspace\trabalhoIndividual\montadora\target\classes started by Lucas in C:\Users\lucas\OneDrive\Desktop\Residencia\api\workspace\trabalhoIndividual\montadora)
2024-10-14T18:15:57.949-03:00  INFO 15460 --- [montadora] [restartedMain] b.c.e.montadora.MontadoraApplication     : No active profile set, falling back to 1 default profile: "default"
2024-10-14T18:15:58.049-03:00  INFO 15460 --- [montadora] [restartedMain] .e.DevToolsPropertyDefaultsPostProcessor : Devtools property defaults active! Set 'spring.devtools.add-properties' to 'false' to disable
2024-10-14T18:15:58.050-03:00  INFO 15460 --- [montadora] [restartedMain] .e.DevToolsPropertyDefaultsPostProcessor : For additional web related logging consider setting the 'logging.level.web' property to 'DEBUG'
2024-10-14T18:15:59.612-03:00  INFO 15460 --- [montadora] [restartedMain] .s.d.r.c.RepositoryConfigurationDelegate : Bootstrapping Spring Data JPA repositories in DEFAULT mode.
2024-10-14T18:15:59.739-03:00  INFO 15460 --- [montadora] [restartedMain] .s.d.r.c.RepositoryConfigurationDelegate : Finished Spring Data repository scanning in 110 ms. Found 4 JPA repository interfaces.
2024-10-14T18:16:00.750-03:00  INFO 15460 --- [montadora] [restartedMain] o.s.b.w.embedded.tomcat.TomcatWebServer  : Tomcat initialized with port 8000 (http)
2024-10-14T18:16:00.773-03:00  INFO 15460 --- [montadora] [restartedMain] o.apache.catalina.core.StandardService   : Starting service [Tomcat]
2024-10-14T18:16:00.774-03:00  INFO 15460 --- [montadora] [restartedMain] o.apache.catalina.core.StandardEngine    : Starting Servlet engine: [Apache Tomcat/10.1.30]
2024-10-14T18:16:00.900-03:00  INFO 15460 --- [montadora] [restartedMain] o.a.c.c.C.[.[localhost].[/montadora]     : Initializing Spring embedded WebApplicationContext
2024-10-14T18:16:00.901-03:00  INFO 15460 --- [montadora] [restartedMain] w.s.c.ServletWebServerApplicationContext : Root WebApplicationContext: initialization completed in 2850 ms
2024-10-14T18:16:01.180-03:00  INFO 15460 --- [montadora] [restartedMain] o.hibernate.jpa.internal.util.LogHelper  : HHH000204: Processing PersistenceUnitInfo [name: default]
2024-10-14T18:16:01.332-03:00  INFO 15460 --- [montadora] [restartedMain] org.hibernate.Version                    : HHH000412: Hibernate ORM core version 6.5.3.Final
2024-10-14T18:16:01.407-03:00  INFO 15460 --- [montadora] [restartedMain] o.h.c.internal.RegionFactoryInitiator    : HHH000026: Second-level cache disabled
2024-10-14T18:16:02.010-03:00  INFO 15460 --- [montadora] [restartedMain] o.s.o.j.p.SpringPersistenceUnitInfo      : No LoadTimeWeaver setup: ignoring JPA class transformer
2024-10-14T18:16:02.072-03:00  INFO 15460 --- [montadora] [restartedMain] com.zaxxer.hikari.HikariDataSource       : HikariPool-1 - Starting...
2024-10-14T18:16:02.400-03:00  INFO 15460 --- [montadora] [restartedMain] com.zaxxer.hikari.pool.HikariPool        : HikariPool-1 - Added connection org.postgresql.jdbc.PgConnection@61568e6f
2024-10-14T18:16:02.403-03:00  INFO 15460 --- [montadora] [restartedMain] com.zaxxer.hikari.HikariDataSource       : HikariPool-1 - Start completed.
2024-10-14T18:16:04.517-03:00  INFO 15460 --- [montadora] [restartedMain] o.h.e.t.j.p.i.JtaPlatformInitiator       : HHH000489: No JTA platform available (set 'hibernate.transaction.jta.platform' to enable JTA platform integration)
2024-10-14T18:16:04.625-03:00 DEBUG 15460 --- [montadora] [restartedMain] org.hibernate.SQL                        : alter table if exists carro add column car_cd_id integer generated by default as identity
2024-10-14T18:16:04.649-03:00 DEBUG 15460 --- [montadora] [restartedMain] org.hibernate.SQL                        : alter table if exists carro add column car_int_ano bigint
2024-10-14T18:16:04.651-03:00 DEBUG 15460 --- [montadora] [restartedMain] org.hibernate.SQL                        : alter table if exists carro add column car_tx_marca varchar(255)
2024-10-14T18:16:04.658-03:00 DEBUG 15460 --- [montadora] [restartedMain] org.hibernate.SQL                        : alter table if exists carro add column car_tx_modelo varchar(255)
2024-10-14T18:16:04.663-03:00 DEBUG 15460 --- [montadora] [restartedMain] org.hibernate.SQL                        : create table concessionaria (con_cd_id integer generated by default as identity, con_cd_endereco varchar(255), con_cd_nome varchar(255), con_cd_numero integer, primary key (con_cd_id))
2024-10-14T18:16:04.677-03:00 DEBUG 15460 --- [montadora] [restartedMain] org.hibernate.SQL                        : create table roles (id integer generated by default as identity, name varchar(20) check (name in ('ROLE_USER','ROLE_MODERATOR','ROLE_ADMIN')), primary key (id))
2024-10-14T18:16:04.684-03:00 DEBUG 15460 --- [montadora] [restartedMain] org.hibernate.SQL                        : create table user_roles (user_id integer not null, role_id integer not null, primary key (user_id, role_id))
2024-10-14T18:16:04.690-03:00 DEBUG 15460 --- [montadora] [restartedMain] org.hibernate.SQL                        : create table users (id integer generated by default as identity, email varchar(50) not null, password varchar(120) not null, username varchar(20) not null, primary key (id))
2024-10-14T18:16:04.699-03:00 DEBUG 15460 --- [montadora] [restartedMain] org.hibernate.SQL                        : alter table if exists users drop constraint if exists UKr43af9ap4edm43mmtq01oddj6
2024-10-14T18:16:04.702-03:00  WARN 15460 --- [montadora] [restartedMain] o.h.engine.jdbc.spi.SqlExceptionHelper   : SQL Warning Code: 0, SQLState: 00000
2024-10-14T18:16:04.702-03:00  WARN 15460 --- [montadora] [restartedMain] o.h.engine.jdbc.spi.SqlExceptionHelper   : restrição "ukr43af9ap4edm43mmtq01oddj6" da relação "users" não existe, ignorando
2024-10-14T18:16:04.703-03:00 DEBUG 15460 --- [montadora] [restartedMain] org.hibernate.SQL                        : alter table if exists users add constraint UKr43af9ap4edm43mmtq01oddj6 unique (username)
2024-10-14T18:16:04.708-03:00 DEBUG 15460 --- [montadora] [restartedMain] org.hibernate.SQL                        : alter table if exists users drop constraint if exists UK6dotkott2kjsp8vw4d0m25fb7
2024-10-14T18:16:04.709-03:00  WARN 15460 --- [montadora] [restartedMain] o.h.engine.jdbc.spi.SqlExceptionHelper   : SQL Warning Code: 0, SQLState: 00000
2024-10-14T18:16:04.710-03:00  WARN 15460 --- [montadora] [restartedMain] o.h.engine.jdbc.spi.SqlExceptionHelper   : restrição "uk6dotkott2kjsp8vw4d0m25fb7" da relação "users" não existe, ignorando
2024-10-14T18:16:04.710-03:00 DEBUG 15460 --- [montadora] [restartedMain] org.hibernate.SQL                        : alter table if exists users add constraint UK6dotkott2kjsp8vw4d0m25fb7 unique (email)
2024-10-14T18:16:04.714-03:00 DEBUG 15460 --- [montadora] [restartedMain] org.hibernate.SQL                        : alter table if exists user_roles add constraint FKh8ciramu9cc9q3qcqiv4ue8a6 foreign key (role_id) references roles
2024-10-14T18:16:04.724-03:00 DEBUG 15460 --- [montadora] [restartedMain] org.hibernate.SQL                        : alter table if exists user_roles add constraint FKhfh9dx7w3ubf1co1vdev94g3f foreign key (user_id) references users
2024-10-14T18:16:04.731-03:00  INFO 15460 --- [montadora] [restartedMain] j.LocalContainerEntityManagerFactoryBean : Initialized JPA EntityManagerFactory for persistence unit 'default'
2024-10-14T18:16:05.668-03:00 TRACE 15460 --- [montadora] [restartedMain] eGlobalAuthenticationAutowiredConfigurer : Eagerly initializing {webSecurityConfig=br.com.example.montadora.security.WebSecurityConfig$$SpringCGLIB$$0@5b4def42}
2024-10-14T18:16:05.702-03:00  INFO 15460 --- [montadora] [restartedMain] eAuthenticationProviderManagerConfigurer : Global AuthenticationManager configured with AuthenticationProvider bean with name authenticationProvider
2024-10-14T18:16:05.704-03:00  WARN 15460 --- [montadora] [restartedMain] r$InitializeUserDetailsManagerConfigurer : Global AuthenticationManager configured with an AuthenticationProvider bean. UserDetailsService beans will not be used for username/password login. Consider removing the AuthenticationProvider bean. Alternatively, consider using the UserDetailsService in a manually instantiated DaoAuthenticationProvider.
2024-10-14T18:16:06.376-03:00 DEBUG 15460 --- [montadora] [restartedMain] s.w.s.m.m.a.RequestMappingHandlerMapping : 12 mappings in 'requestMappingHandlerMapping'
2024-10-14T18:16:06.557-03:00 DEBUG 15460 --- [montadora] [restartedMain] o.s.w.s.handler.SimpleUrlHandlerMapping  : Patterns [/webjars/**, /**, /swagger-ui*/*swagger-initializer.js, /swagger-ui*/**] in 'resourceHandlerMapping'
2024-10-14T18:16:06.635-03:00 DEBUG 15460 --- [montadora] [restartedMain] o.s.s.web.DefaultSecurityFilterChain     : Will secure any request with filters: DisableEncodeUrlFilter, WebAsyncManagerIntegrationFilter, SecurityContextHolderFilter, HeaderWriterFilter, CorsFilter, LogoutFilter, AuthTokenFilter, RequestCacheAwareFilter, SecurityContextHolderAwareRequestFilter, AnonymousAuthenticationFilter, SessionManagementFilter, ExceptionTranslationFilter, AuthorizationFilter
2024-10-14T18:16:06.776-03:00 DEBUG 15460 --- [montadora] [restartedMain] s.w.s.m.m.a.RequestMappingHandlerAdapter : ControllerAdvice beans: 0 @ModelAttribute, 0 @InitBinder, 1 RequestBodyAdvice, 1 ResponseBodyAdvice
2024-10-14T18:16:06.824-03:00 DEBUG 15460 --- [montadora] [restartedMain] .m.m.a.ExceptionHandlerExceptionResolver : ControllerAdvice beans: 1 @ExceptionHandler, 1 ResponseBodyAdvice
2024-10-14T18:16:07.104-03:00  INFO 15460 --- [montadora] [restartedMain] o.s.b.d.a.OptionalLiveReloadServer       : LiveReload server is running on port 35729
2024-10-14T18:16:07.159-03:00  INFO 15460 --- [montadora] [restartedMain] o.s.b.w.embedded.tomcat.TomcatWebServer  : Tomcat started on port 8000 (http) with context path '/montadora'
2024-10-14T18:16:07.171-03:00  INFO 15460 --- [montadora] [restartedMain] b.c.e.montadora.MontadoraApplication     : Started MontadoraApplication in 9.801 seconds (process running for 11.049)
2024-10-14T18:16:26.782-03:00  INFO 15460 --- [montadora] [http-nio-8000-exec-1] o.a.c.c.C.[.[localhost].[/montadora]     : Initializing Spring DispatcherServlet 'dispatcherServlet'
2024-10-14T18:16:26.783-03:00  INFO 15460 --- [montadora] [http-nio-8000-exec-1] o.s.web.servlet.DispatcherServlet        : Initializing Servlet 'dispatcherServlet'
2024-10-14T18:16:26.783-03:00 DEBUG 15460 --- [montadora] [http-nio-8000-exec-1] o.s.web.servlet.DispatcherServlet        : Detected StandardServletMultipartResolver
2024-10-14T18:16:26.783-03:00 DEBUG 15460 --- [montadora] [http-nio-8000-exec-1] o.s.web.servlet.DispatcherServlet        : Detected AcceptHeaderLocaleResolver
2024-10-14T18:16:26.783-03:00 DEBUG 15460 --- [montadora] [http-nio-8000-exec-1] o.s.web.servlet.DispatcherServlet        : Detected FixedThemeResolver
2024-10-14T18:16:26.784-03:00 DEBUG 15460 --- [montadora] [http-nio-8000-exec-1] o.s.web.servlet.DispatcherServlet        : Detected org.springframework.web.servlet.view.DefaultRequestToViewNameTranslator@bc3fd7a
2024-10-14T18:16:26.784-03:00 DEBUG 15460 --- [montadora] [http-nio-8000-exec-1] o.s.web.servlet.DispatcherServlet        : Detected org.springframework.web.servlet.support.SessionFlashMapManager@3427b8c5
2024-10-14T18:16:26.784-03:00 DEBUG 15460 --- [montadora] [http-nio-8000-exec-1] o.s.web.servlet.DispatcherServlet        : enableLoggingRequestDetails='false': request parameters and headers will be masked to prevent unsafe logging of potentially sensitive data
2024-10-14T18:16:26.784-03:00  INFO 15460 --- [montadora] [http-nio-8000-exec-1] o.s.web.servlet.DispatcherServlet        : Completed initialization in 1 ms
2024-10-14T18:16:26.805-03:00 TRACE 15460 --- [montadora] [http-nio-8000-exec-1] o.s.security.web.FilterChainProxy        : Trying to match request against DefaultSecurityFilterChain [RequestMatcher=any request, Filters=[org.springframework.security.web.session.DisableEncodeUrlFilter@7676b1cb, org.springframework.security.web.context.request.async.WebAsyncManagerIntegrationFilter@74e4e786, org.springframework.security.web.context.SecurityContextHolderFilter@17788b96, org.springframework.security.web.header.HeaderWriterFilter@2c8a8748, org.springframework.web.filter.CorsFilter@2c2020a3, org.springframework.security.web.authentication.logout.LogoutFilter@5c2a84f, br.com.example.montadora.security.AuthTokenFilter@63fd641c, org.springframework.security.web.savedrequest.RequestCacheAwareFilter@3a4757e9, org.springframework.security.web.servletapi.SecurityContextHolderAwareRequestFilter@43eb934, org.springframework.security.web.authentication.AnonymousAuthenticationFilter@743cc711, org.springframework.security.web.session.SessionManagementFilter@68c952a2, org.springframework.security.web.access.ExceptionTranslationFilter@4ad9eba8, org.springframework.security.web.access.intercept.AuthorizationFilter@56876007]] (1/1)
2024-10-14T18:16:26.806-03:00 DEBUG 15460 --- [montadora] [http-nio-8000-exec-1] o.s.security.web.FilterChainProxy        : Securing GET /swagger-ui/index.html
2024-10-14T18:16:26.806-03:00 TRACE 15460 --- [montadora] [http-nio-8000-exec-1] o.s.security.web.FilterChainProxy        : Invoking DisableEncodeUrlFilter (1/13)
2024-10-14T18:16:26.807-03:00 TRACE 15460 --- [montadora] [http-nio-8000-exec-1] o.s.security.web.FilterChainProxy        : Invoking WebAsyncManagerIntegrationFilter (2/13)
2024-10-14T18:16:26.809-03:00 TRACE 15460 --- [montadora] [http-nio-8000-exec-1] o.s.security.web.FilterChainProxy        : Invoking SecurityContextHolderFilter (3/13)
2024-10-14T18:16:26.811-03:00 TRACE 15460 --- [montadora] [http-nio-8000-exec-1] o.s.security.web.FilterChainProxy        : Invoking HeaderWriterFilter (4/13)
2024-10-14T18:16:26.813-03:00 TRACE 15460 --- [montadora] [http-nio-8000-exec-1] o.s.security.web.FilterChainProxy        : Invoking CorsFilter (5/13)
2024-10-14T18:16:26.814-03:00 TRACE 15460 --- [montadora] [http-nio-8000-exec-1] o.s.security.web.FilterChainProxy        : Invoking LogoutFilter (6/13)
2024-10-14T18:16:26.815-03:00 TRACE 15460 --- [montadora] [http-nio-8000-exec-1] o.s.s.w.a.logout.LogoutFilter            : Did not match request to Or [Ant [pattern='/logout', GET], Ant [pattern='/logout', POST], Ant [pattern='/logout', PUT], Ant [pattern='/logout', DELETE]]
2024-10-14T18:16:26.815-03:00 TRACE 15460 --- [montadora] [http-nio-8000-exec-1] o.s.security.web.FilterChainProxy        : Invoking AuthTokenFilter (7/13)
2024-10-14T18:16:26.815-03:00 TRACE 15460 --- [montadora] [http-nio-8000-exec-1] o.s.security.web.FilterChainProxy        : Invoking RequestCacheAwareFilter (8/13)
2024-10-14T18:16:26.816-03:00 TRACE 15460 --- [montadora] [http-nio-8000-exec-1] o.s.security.web.FilterChainProxy        : Invoking SecurityContextHolderAwareRequestFilter (9/13)
2024-10-14T18:16:26.817-03:00 TRACE 15460 --- [montadora] [http-nio-8000-exec-1] o.s.security.web.FilterChainProxy        : Invoking AnonymousAuthenticationFilter (10/13)
2024-10-14T18:16:26.817-03:00 TRACE 15460 --- [montadora] [http-nio-8000-exec-1] o.s.security.web.FilterChainProxy        : Invoking SessionManagementFilter (11/13)
2024-10-14T18:16:26.817-03:00 TRACE 15460 --- [montadora] [http-nio-8000-exec-1] .s.s.w.c.SupplierDeferredSecurityContext : Created SecurityContextImpl [Null authentication]
2024-10-14T18:16:26.818-03:00 TRACE 15460 --- [montadora] [http-nio-8000-exec-1] o.s.s.w.a.AnonymousAuthenticationFilter  : Set SecurityContextHolder to AnonymousAuthenticationToken [Principal=anonymousUser, Credentials=[PROTECTED], Authenticated=true, Details=WebAuthenticationDetails [RemoteIpAddress=0:0:0:0:0:0:0:1, SessionId=null], Granted Authorities=[ROLE_ANONYMOUS]]
2024-10-14T18:16:26.819-03:00 TRACE 15460 --- [montadora] [http-nio-8000-exec-1] o.s.security.web.FilterChainProxy        : Invoking ExceptionTranslationFilter (12/13)
2024-10-14T18:16:26.819-03:00 TRACE 15460 --- [montadora] [http-nio-8000-exec-1] o.s.security.web.FilterChainProxy        : Invoking AuthorizationFilter (13/13)
2024-10-14T18:16:26.819-03:00 TRACE 15460 --- [montadora] [http-nio-8000-exec-1] estMatcherDelegatingAuthorizationManager : Authorizing GET /swagger-ui/index.html
2024-10-14T18:16:26.821-03:00 TRACE 15460 --- [montadora] [http-nio-8000-exec-1] estMatcherDelegatingAuthorizationManager : Checking authorization on GET /swagger-ui/index.html using org.springframework.security.config.annotation.web.configurers.AuthorizeHttpRequestsConfigurer$$Lambda$1535/0x0000017181980400@95b3127
2024-10-14T18:16:26.821-03:00 DEBUG 15460 --- [montadora] [http-nio-8000-exec-1] o.s.security.web.FilterChainProxy        : Secured GET /swagger-ui/index.html
2024-10-14T18:16:26.823-03:00 DEBUG 15460 --- [montadora] [http-nio-8000-exec-1] o.s.web.servlet.DispatcherServlet        : GET "/montadora/swagger-ui/index.html", parameters={}
2024-10-14T18:16:26.826-03:00 DEBUG 15460 --- [montadora] [http-nio-8000-exec-1] o.s.w.s.handler.SimpleUrlHandlerMapping  : Mapped to ResourceHttpRequestHandler [classpath [META-INF/resources/webjars/]]
2024-10-14T18:16:26.859-03:00 TRACE 15460 --- [montadora] [http-nio-8000-exec-1] o.s.s.w.header.writers.HstsHeaderWriter  : Not injecting HSTS header since it did not match request to [Is Secure]
2024-10-14T18:16:26.861-03:00 DEBUG 15460 --- [montadora] [http-nio-8000-exec-1] o.s.web.servlet.DispatcherServlet        : Completed 200 OK
2024-10-14T18:16:26.869-03:00 TRACE 15460 --- [montadora] [http-nio-8000-exec-2] o.s.security.web.FilterChainProxy        : Trying to match request against DefaultSecurityFilterChain [RequestMatcher=any request, Filters=[org.springframework.security.web.session.DisableEncodeUrlFilter@7676b1cb, org.springframework.security.web.context.request.async.WebAsyncManagerIntegrationFilter@74e4e786, org.springframework.security.web.context.SecurityContextHolderFilter@17788b96, org.springframework.security.web.header.HeaderWriterFilter@2c8a8748, org.springframework.web.filter.CorsFilter@2c2020a3, org.springframework.security.web.authentication.logout.LogoutFilter@5c2a84f, br.com.example.montadora.security.AuthTokenFilter@63fd641c, org.springframework.security.web.savedrequest.RequestCacheAwareFilter@3a4757e9, org.springframework.security.web.servletapi.SecurityContextHolderAwareRequestFilter@43eb934, org.springframework.security.web.authentication.AnonymousAuthenticationFilter@743cc711, org.springframework.security.web.session.SessionManagementFilter@68c952a2, org.springframework.security.web.access.ExceptionTranslationFilter@4ad9eba8, org.springframework.security.web.access.intercept.AuthorizationFilter@56876007]] (1/1)
2024-10-14T18:16:26.869-03:00 DEBUG 15460 --- [montadora] [http-nio-8000-exec-2] o.s.security.web.FilterChainProxy        : Securing GET /swagger-ui/swagger-ui.css
2024-10-14T18:16:26.870-03:00 TRACE 15460 --- [montadora] [http-nio-8000-exec-2] o.s.security.web.FilterChainProxy        : Invoking DisableEncodeUrlFilter (1/13)
2024-10-14T18:16:26.870-03:00 TRACE 15460 --- [montadora] [http-nio-8000-exec-2] o.s.security.web.FilterChainProxy        : Invoking WebAsyncManagerIntegrationFilter (2/13)
2024-10-14T18:16:26.870-03:00 TRACE 15460 --- [montadora] [http-nio-8000-exec-2] o.s.security.web.FilterChainProxy        : Invoking SecurityContextHolderFilter (3/13)
2024-10-14T18:16:26.870-03:00 TRACE 15460 --- [montadora] [http-nio-8000-exec-2] o.s.security.web.FilterChainProxy        : Invoking HeaderWriterFilter (4/13)
2024-10-14T18:16:26.870-03:00 TRACE 15460 --- [montadora] [http-nio-8000-exec-2] o.s.security.web.FilterChainProxy        : Invoking CorsFilter (5/13)
2024-10-14T18:16:26.870-03:00 TRACE 15460 --- [montadora] [http-nio-8000-exec-2] o.s.security.web.FilterChainProxy        : Invoking LogoutFilter (6/13)
2024-10-14T18:16:26.870-03:00 TRACE 15460 --- [montadora] [http-nio-8000-exec-2] o.s.s.w.a.logout.LogoutFilter            : Did not match request to Or [Ant [pattern='/logout', GET], Ant [pattern='/logout', POST], Ant [pattern='/logout', PUT], Ant [pattern='/logout', DELETE]]
2024-10-14T18:16:26.871-03:00 TRACE 15460 --- [montadora] [http-nio-8000-exec-2] o.s.security.web.FilterChainProxy        : Invoking AuthTokenFilter (7/13)
2024-10-14T18:16:26.871-03:00 TRACE 15460 --- [montadora] [http-nio-8000-exec-3] o.s.security.web.FilterChainProxy        : Trying to match request against DefaultSecurityFilterChain [RequestMatcher=any request, Filters=[org.springframework.security.web.session.DisableEncodeUrlFilter@7676b1cb, org.springframework.security.web.context.request.async.WebAsyncManagerIntegrationFilter@74e4e786, org.springframework.security.web.context.SecurityContextHolderFilter@17788b96, org.springframework.security.web.header.HeaderWriterFilter@2c8a8748, org.springframework.web.filter.CorsFilter@2c2020a3, org.springframework.security.web.authentication.logout.LogoutFilter@5c2a84f, br.com.example.montadora.security.AuthTokenFilter@63fd641c, org.springframework.security.web.savedrequest.RequestCacheAwareFilter@3a4757e9, org.springframework.security.web.servletapi.SecurityContextHolderAwareRequestFilter@43eb934, org.springframework.security.web.authentication.AnonymousAuthenticationFilter@743cc711, org.springframework.security.web.session.SessionManagementFilter@68c952a2, org.springframework.security.web.access.ExceptionTranslationFilter@4ad9eba8, org.springframework.security.web.access.intercept.AuthorizationFilter@56876007]] (1/1)
2024-10-14T18:16:26.871-03:00 TRACE 15460 --- [montadora] [http-nio-8000-exec-2] o.s.security.web.FilterChainProxy        : Invoking RequestCacheAwareFilter (8/13)
2024-10-14T18:16:26.871-03:00 TRACE 15460 --- [montadora] [http-nio-8000-exec-2] o.s.security.web.FilterChainProxy        : Invoking SecurityContextHolderAwareRequestFilter (9/13)
2024-10-14T18:16:26.871-03:00 DEBUG 15460 --- [montadora] [http-nio-8000-exec-3] o.s.security.web.FilterChainProxy        : Securing GET /swagger-ui/index.css
2024-10-14T18:16:26.871-03:00 TRACE 15460 --- [montadora] [http-nio-8000-exec-3] o.s.security.web.FilterChainProxy        : Invoking DisableEncodeUrlFilter (1/13)
2024-10-14T18:16:26.871-03:00 TRACE 15460 --- [montadora] [http-nio-8000-exec-2] o.s.security.web.FilterChainProxy        : Invoking AnonymousAuthenticationFilter (10/13)
2024-10-14T18:16:26.871-03:00 TRACE 15460 --- [montadora] [http-nio-8000-exec-3] o.s.security.web.FilterChainProxy        : Invoking WebAsyncManagerIntegrationFilter (2/13)
2024-10-14T18:16:26.871-03:00 TRACE 15460 --- [montadora] [http-nio-8000-exec-3] o.s.security.web.FilterChainProxy        : Invoking SecurityContextHolderFilter (3/13)
2024-10-14T18:16:26.871-03:00 TRACE 15460 --- [montadora] [http-nio-8000-exec-2] o.s.security.web.FilterChainProxy        : Invoking SessionManagementFilter (11/13)
2024-10-14T18:16:26.871-03:00 TRACE 15460 --- [montadora] [http-nio-8000-exec-4] o.s.security.web.FilterChainProxy        : Trying to match request against DefaultSecurityFilterChain [RequestMatcher=any request, Filters=[org.springframework.security.web.session.DisableEncodeUrlFilter@7676b1cb, org.springframework.security.web.context.request.async.WebAsyncManagerIntegrationFilter@74e4e786, org.springframework.security.web.context.SecurityContextHolderFilter@17788b96, org.springframework.security.web.header.HeaderWriterFilter@2c8a8748, org.springframework.web.filter.CorsFilter@2c2020a3, org.springframework.security.web.authentication.logout.LogoutFilter@5c2a84f, br.com.example.montadora.security.AuthTokenFilter@63fd641c, org.springframework.security.web.savedrequest.RequestCacheAwareFilter@3a4757e9, org.springframework.security.web.servletapi.SecurityContextHolderAwareRequestFilter@43eb934, org.springframework.security.web.authentication.AnonymousAuthenticationFilter@743cc711, org.springframework.security.web.session.SessionManagementFilter@68c952a2, org.springframework.security.web.access.ExceptionTranslationFilter@4ad9eba8, org.springframework.security.web.access.intercept.AuthorizationFilter@56876007]] (1/1)
2024-10-14T18:16:26.872-03:00 TRACE 15460 --- [montadora] [http-nio-8000-exec-3] o.s.security.web.FilterChainProxy        : Invoking HeaderWriterFilter (4/13)
2024-10-14T18:16:26.872-03:00 TRACE 15460 --- [montadora] [http-nio-8000-exec-2] .s.s.w.c.SupplierDeferredSecurityContext : Created SecurityContextImpl [Null authentication]
2024-10-14T18:16:26.872-03:00 DEBUG 15460 --- [montadora] [http-nio-8000-exec-4] o.s.security.web.FilterChainProxy        : Securing GET /swagger-ui/swagger-ui-bundle.js
2024-10-14T18:16:26.872-03:00 TRACE 15460 --- [montadora] [http-nio-8000-exec-3] o.s.security.web.FilterChainProxy        : Invoking CorsFilter (5/13)
2024-10-14T18:16:26.872-03:00 TRACE 15460 --- [montadora] [http-nio-8000-exec-2] o.s.s.w.a.AnonymousAuthenticationFilter  : Set SecurityContextHolder to AnonymousAuthenticationToken [Principal=anonymousUser, Credentials=[PROTECTED], Authenticated=true, Details=WebAuthenticationDetails [RemoteIpAddress=0:0:0:0:0:0:0:1, SessionId=null], Granted Authorities=[ROLE_ANONYMOUS]]
2024-10-14T18:16:26.872-03:00 TRACE 15460 --- [montadora] [http-nio-8000-exec-4] o.s.security.web.FilterChainProxy        : Invoking DisableEncodeUrlFilter (1/13)
2024-10-14T18:16:26.872-03:00 TRACE 15460 --- [montadora] [http-nio-8000-exec-2] o.s.security.web.FilterChainProxy        : Invoking ExceptionTranslationFilter (12/13)
2024-10-14T18:16:26.872-03:00 TRACE 15460 --- [montadora] [http-nio-8000-exec-4] o.s.security.web.FilterChainProxy        : Invoking WebAsyncManagerIntegrationFilter (2/13)
2024-10-14T18:16:26.872-03:00 TRACE 15460 --- [montadora] [http-nio-8000-exec-3] o.s.security.web.FilterChainProxy        : Invoking LogoutFilter (6/13)
2024-10-14T18:16:26.872-03:00 TRACE 15460 --- [montadora] [http-nio-8000-exec-2] o.s.security.web.FilterChainProxy        : Invoking AuthorizationFilter (13/13)
2024-10-14T18:16:26.872-03:00 TRACE 15460 --- [montadora] [http-nio-8000-exec-4] o.s.security.web.FilterChainProxy        : Invoking SecurityContextHolderFilter (3/13)
2024-10-14T18:16:26.872-03:00 TRACE 15460 --- [montadora] [http-nio-8000-exec-3] o.s.s.w.a.logout.LogoutFilter            : Did not match request to Or [Ant [pattern='/logout', GET], Ant [pattern='/logout', POST], Ant [pattern='/logout', PUT], Ant [pattern='/logout', DELETE]]
2024-10-14T18:16:26.872-03:00 TRACE 15460 --- [montadora] [http-nio-8000-exec-2] estMatcherDelegatingAuthorizationManager : Authorizing GET /swagger-ui/swagger-ui.css
2024-10-14T18:16:26.872-03:00 TRACE 15460 --- [montadora] [http-nio-8000-exec-4] o.s.security.web.FilterChainProxy        : Invoking HeaderWriterFilter (4/13)
2024-10-14T18:16:26.872-03:00 TRACE 15460 --- [montadora] [http-nio-8000-exec-3] o.s.security.web.FilterChainProxy        : Invoking AuthTokenFilter (7/13)
2024-10-14T18:16:26.873-03:00 TRACE 15460 --- [montadora] [http-nio-8000-exec-4] o.s.security.web.FilterChainProxy        : Invoking CorsFilter (5/13)
2024-10-14T18:16:26.873-03:00 TRACE 15460 --- [montadora] [http-nio-8000-exec-2] estMatcherDelegatingAuthorizationManager : Checking authorization on GET /swagger-ui/swagger-ui.css using org.springframework.security.config.annotation.web.configurers.AuthorizeHttpRequestsConfigurer$$Lambda$1535/0x0000017181980400@95b3127
2024-10-14T18:16:26.873-03:00 TRACE 15460 --- [montadora] [http-nio-8000-exec-3] o.s.security.web.FilterChainProxy        : Invoking RequestCacheAwareFilter (8/13)
2024-10-14T18:16:26.873-03:00 DEBUG 15460 --- [montadora] [http-nio-8000-exec-2] o.s.security.web.FilterChainProxy        : Secured GET /swagger-ui/swagger-ui.css
2024-10-14T18:16:26.873-03:00 TRACE 15460 --- [montadora] [http-nio-8000-exec-3] o.s.security.web.FilterChainProxy        : Invoking SecurityContextHolderAwareRequestFilter (9/13)
2024-10-14T18:16:26.873-03:00 TRACE 15460 --- [montadora] [http-nio-8000-exec-4] o.s.security.web.FilterChainProxy        : Invoking LogoutFilter (6/13)
2024-10-14T18:16:26.873-03:00 DEBUG 15460 --- [montadora] [http-nio-8000-exec-2] o.s.web.servlet.DispatcherServlet        : GET "/montadora/swagger-ui/swagger-ui.css", parameters={}
2024-10-14T18:16:26.873-03:00 TRACE 15460 --- [montadora] [http-nio-8000-exec-3] o.s.security.web.FilterChainProxy        : Invoking AnonymousAuthenticationFilter (10/13)
2024-10-14T18:16:26.873-03:00 TRACE 15460 --- [montadora] [http-nio-8000-exec-4] o.s.s.w.a.logout.LogoutFilter            : Did not match request to Or [Ant [pattern='/logout', GET], Ant [pattern='/logout', POST], Ant [pattern='/logout', PUT], Ant [pattern='/logout', DELETE]]
2024-10-14T18:16:26.873-03:00 TRACE 15460 --- [montadora] [http-nio-8000-exec-3] o.s.security.web.FilterChainProxy        : Invoking SessionManagementFilter (11/13)
2024-10-14T18:16:26.873-03:00 TRACE 15460 --- [montadora] [http-nio-8000-exec-4] o.s.security.web.FilterChainProxy        : Invoking AuthTokenFilter (7/13)
2024-10-14T18:16:26.873-03:00 TRACE 15460 --- [montadora] [http-nio-8000-exec-3] .s.s.w.c.SupplierDeferredSecurityContext : Created SecurityContextImpl [Null authentication]
2024-10-14T18:16:26.873-03:00 TRACE 15460 --- [montadora] [http-nio-8000-exec-4] o.s.security.web.FilterChainProxy        : Invoking RequestCacheAwareFilter (8/13)
2024-10-14T18:16:26.873-03:00 TRACE 15460 --- [montadora] [http-nio-8000-exec-3] o.s.s.w.a.AnonymousAuthenticationFilter  : Set SecurityContextHolder to AnonymousAuthenticationToken [Principal=anonymousUser, Credentials=[PROTECTED], Authenticated=true, Details=WebAuthenticationDetails [RemoteIpAddress=0:0:0:0:0:0:0:1, SessionId=null], Granted Authorities=[ROLE_ANONYMOUS]]
2024-10-14T18:16:26.873-03:00 TRACE 15460 --- [montadora] [http-nio-8000-exec-4] o.s.security.web.FilterChainProxy        : Invoking SecurityContextHolderAwareRequestFilter (9/13)
2024-10-14T18:16:26.873-03:00 TRACE 15460 --- [montadora] [http-nio-8000-exec-3] o.s.security.web.FilterChainProxy        : Invoking ExceptionTranslationFilter (12/13)
2024-10-14T18:16:26.873-03:00 TRACE 15460 --- [montadora] [http-nio-8000-exec-4] o.s.security.web.FilterChainProxy        : Invoking AnonymousAuthenticationFilter (10/13)
2024-10-14T18:16:26.874-03:00 TRACE 15460 --- [montadora] [http-nio-8000-exec-3] o.s.security.web.FilterChainProxy        : Invoking AuthorizationFilter (13/13)
2024-10-14T18:16:26.874-03:00 TRACE 15460 --- [montadora] [http-nio-8000-exec-4] o.s.security.web.FilterChainProxy        : Invoking SessionManagementFilter (11/13)
2024-10-14T18:16:26.874-03:00 DEBUG 15460 --- [montadora] [http-nio-8000-exec-2] o.s.w.s.handler.SimpleUrlHandlerMapping  : Mapped to ResourceHttpRequestHandler [classpath [META-INF/resources/webjars/]]
2024-10-14T18:16:26.874-03:00 TRACE 15460 --- [montadora] [http-nio-8000-exec-4] .s.s.w.c.SupplierDeferredSecurityContext : Created SecurityContextImpl [Null authentication]
2024-10-14T18:16:26.874-03:00 TRACE 15460 --- [montadora] [http-nio-8000-exec-3] estMatcherDelegatingAuthorizationManager : Authorizing GET /swagger-ui/index.css
2024-10-14T18:16:26.874-03:00 TRACE 15460 --- [montadora] [http-nio-8000-exec-4] o.s.s.w.a.AnonymousAuthenticationFilter  : Set SecurityContextHolder to AnonymousAuthenticationToken [Principal=anonymousUser, Credentials=[PROTECTED], Authenticated=true, Details=WebAuthenticationDetails [RemoteIpAddress=0:0:0:0:0:0:0:1, SessionId=null], Granted Authorities=[ROLE_ANONYMOUS]]
2024-10-14T18:16:26.874-03:00 TRACE 15460 --- [montadora] [http-nio-8000-exec-3] estMatcherDelegatingAuthorizationManager : Checking authorization on GET /swagger-ui/index.css using org.springframework.security.config.annotation.web.configurers.AuthorizeHttpRequestsConfigurer$$Lambda$1535/0x0000017181980400@95b3127
2024-10-14T18:16:26.874-03:00 TRACE 15460 --- [montadora] [http-nio-8000-exec-4] o.s.security.web.FilterChainProxy        : Invoking ExceptionTranslationFilter (12/13)
2024-10-14T18:16:26.874-03:00 DEBUG 15460 --- [montadora] [http-nio-8000-exec-3] o.s.security.web.FilterChainProxy        : Secured GET /swagger-ui/index.css
2024-10-14T18:16:26.874-03:00 TRACE 15460 --- [montadora] [http-nio-8000-exec-4] o.s.security.web.FilterChainProxy        : Invoking AuthorizationFilter (13/13)
2024-10-14T18:16:26.874-03:00 DEBUG 15460 --- [montadora] [http-nio-8000-exec-3] o.s.web.servlet.DispatcherServlet        : GET "/montadora/swagger-ui/index.css", parameters={}
2024-10-14T18:16:26.874-03:00 TRACE 15460 --- [montadora] [http-nio-8000-exec-4] estMatcherDelegatingAuthorizationManager : Authorizing GET /swagger-ui/swagger-ui-bundle.js
2024-10-14T18:16:26.875-03:00 TRACE 15460 --- [montadora] [http-nio-8000-exec-4] estMatcherDelegatingAuthorizationManager : Checking authorization on GET /swagger-ui/swagger-ui-bundle.js using org.springframework.security.config.annotation.web.configurers.AuthorizeHttpRequestsConfigurer$$Lambda$1535/0x0000017181980400@95b3127
2024-10-14T18:16:26.875-03:00 DEBUG 15460 --- [montadora] [http-nio-8000-exec-4] o.s.security.web.FilterChainProxy        : Secured GET /swagger-ui/swagger-ui-bundle.js
2024-10-14T18:16:26.875-03:00 DEBUG 15460 --- [montadora] [http-nio-8000-exec-4] o.s.web.servlet.DispatcherServlet        : GET "/montadora/swagger-ui/swagger-ui-bundle.js", parameters={}
2024-10-14T18:16:26.875-03:00 DEBUG 15460 --- [montadora] [http-nio-8000-exec-3] o.s.w.s.handler.SimpleUrlHandlerMapping  : Mapped to ResourceHttpRequestHandler [classpath [META-INF/resources/webjars/]]
2024-10-14T18:16:26.876-03:00 DEBUG 15460 --- [montadora] [http-nio-8000-exec-4] o.s.w.s.handler.SimpleUrlHandlerMapping  : Mapped to ResourceHttpRequestHandler [classpath [META-INF/resources/webjars/]]
2024-10-14T18:16:26.878-03:00 TRACE 15460 --- [montadora] [http-nio-8000-exec-2] o.s.s.w.header.writers.HstsHeaderWriter  : Not injecting HSTS header since it did not match request to [Is Secure]
2024-10-14T18:16:26.879-03:00 TRACE 15460 --- [montadora] [http-nio-8000-exec-3] o.s.s.w.header.writers.HstsHeaderWriter  : Not injecting HSTS header since it did not match request to [Is Secure]
2024-10-14T18:16:26.879-03:00 DEBUG 15460 --- [montadora] [http-nio-8000-exec-3] o.s.web.servlet.DispatcherServlet        : Completed 200 OK
2024-10-14T18:16:26.880-03:00 TRACE 15460 --- [montadora] [http-nio-8000-exec-4] o.s.s.w.header.writers.HstsHeaderWriter  : Not injecting HSTS header since it did not match request to [Is Secure]
2024-10-14T18:16:26.882-03:00 DEBUG 15460 --- [montadora] [http-nio-8000-exec-2] o.s.web.servlet.DispatcherServlet        : Completed 200 OK
2024-10-14T18:16:26.896-03:00 DEBUG 15460 --- [montadora] [http-nio-8000-exec-4] o.s.web.servlet.DispatcherServlet        : Completed 200 OK
2024-10-14T18:16:27.190-03:00 TRACE 15460 --- [montadora] [http-nio-8000-exec-5] o.s.security.web.FilterChainProxy        : Trying to match request against DefaultSecurityFilterChain [RequestMatcher=any request, Filters=[org.springframework.security.web.session.DisableEncodeUrlFilter@7676b1cb, org.springframework.security.web.context.request.async.WebAsyncManagerIntegrationFilter@74e4e786, org.springframework.security.web.context.SecurityContextHolderFilter@17788b96, org.springframework.security.web.header.HeaderWriterFilter@2c8a8748, org.springframework.web.filter.CorsFilter@2c2020a3, org.springframework.security.web.authentication.logout.LogoutFilter@5c2a84f, br.com.example.montadora.security.AuthTokenFilter@63fd641c, org.springframework.security.web.savedrequest.RequestCacheAwareFilter@3a4757e9, org.springframework.security.web.servletapi.SecurityContextHolderAwareRequestFilter@43eb934, org.springframework.security.web.authentication.AnonymousAuthenticationFilter@743cc711, org.springframework.security.web.session.SessionManagementFilter@68c952a2, org.springframework.security.web.access.ExceptionTranslationFilter@4ad9eba8, org.springframework.security.web.access.intercept.AuthorizationFilter@56876007]] (1/1)
2024-10-14T18:16:27.190-03:00 DEBUG 15460 --- [montadora] [http-nio-8000-exec-5] o.s.security.web.FilterChainProxy        : Securing GET /swagger-ui/swagger-ui-standalone-preset.js
2024-10-14T18:16:27.190-03:00 TRACE 15460 --- [montadora] [http-nio-8000-exec-5] o.s.security.web.FilterChainProxy        : Invoking DisableEncodeUrlFilter (1/13)
2024-10-14T18:16:27.190-03:00 TRACE 15460 --- [montadora] [http-nio-8000-exec-5] o.s.security.web.FilterChainProxy        : Invoking WebAsyncManagerIntegrationFilter (2/13)
2024-10-14T18:16:27.190-03:00 TRACE 15460 --- [montadora] [http-nio-8000-exec-5] o.s.security.web.FilterChainProxy        : Invoking SecurityContextHolderFilter (3/13)
2024-10-14T18:16:27.190-03:00 TRACE 15460 --- [montadora] [http-nio-8000-exec-5] o.s.security.web.FilterChainProxy        : Invoking HeaderWriterFilter (4/13)
2024-10-14T18:16:27.190-03:00 TRACE 15460 --- [montadora] [http-nio-8000-exec-5] o.s.security.web.FilterChainProxy        : Invoking CorsFilter (5/13)
2024-10-14T18:16:27.191-03:00 TRACE 15460 --- [montadora] [http-nio-8000-exec-5] o.s.security.web.FilterChainProxy        : Invoking LogoutFilter (6/13)
2024-10-14T18:16:27.191-03:00 TRACE 15460 --- [montadora] [http-nio-8000-exec-5] o.s.s.w.a.logout.LogoutFilter            : Did not match request to Or [Ant [pattern='/logout', GET], Ant [pattern='/logout', POST], Ant [pattern='/logout', PUT], Ant [pattern='/logout', DELETE]]
2024-10-14T18:16:27.191-03:00 TRACE 15460 --- [montadora] [http-nio-8000-exec-5] o.s.security.web.FilterChainProxy        : Invoking AuthTokenFilter (7/13)
2024-10-14T18:16:27.191-03:00 TRACE 15460 --- [montadora] [http-nio-8000-exec-5] o.s.security.web.FilterChainProxy        : Invoking RequestCacheAwareFilter (8/13)
2024-10-14T18:16:27.191-03:00 TRACE 15460 --- [montadora] [http-nio-8000-exec-5] o.s.security.web.FilterChainProxy        : Invoking SecurityContextHolderAwareRequestFilter (9/13)
2024-10-14T18:16:27.191-03:00 TRACE 15460 --- [montadora] [http-nio-8000-exec-5] o.s.security.web.FilterChainProxy        : Invoking AnonymousAuthenticationFilter (10/13)
2024-10-14T18:16:27.191-03:00 TRACE 15460 --- [montadora] [http-nio-8000-exec-5] o.s.security.web.FilterChainProxy        : Invoking SessionManagementFilter (11/13)
2024-10-14T18:16:27.191-03:00 TRACE 15460 --- [montadora] [http-nio-8000-exec-5] .s.s.w.c.SupplierDeferredSecurityContext : Created SecurityContextImpl [Null authentication]
2024-10-14T18:16:27.191-03:00 TRACE 15460 --- [montadora] [http-nio-8000-exec-5] o.s.s.w.a.AnonymousAuthenticationFilter  : Set SecurityContextHolder to AnonymousAuthenticationToken [Principal=anonymousUser, Credentials=[PROTECTED], Authenticated=true, Details=WebAuthenticationDetails [RemoteIpAddress=0:0:0:0:0:0:0:1, SessionId=null], Granted Authorities=[ROLE_ANONYMOUS]]
2024-10-14T18:16:27.192-03:00 TRACE 15460 --- [montadora] [http-nio-8000-exec-5] o.s.security.web.FilterChainProxy        : Invoking ExceptionTranslationFilter (12/13)
2024-10-14T18:16:27.192-03:00 TRACE 15460 --- [montadora] [http-nio-8000-exec-5] o.s.security.web.FilterChainProxy        : Invoking AuthorizationFilter (13/13)
2024-10-14T18:16:27.192-03:00 TRACE 15460 --- [montadora] [http-nio-8000-exec-5] estMatcherDelegatingAuthorizationManager : Authorizing GET /swagger-ui/swagger-ui-standalone-preset.js
2024-10-14T18:16:27.192-03:00 TRACE 15460 --- [montadora] [http-nio-8000-exec-5] estMatcherDelegatingAuthorizationManager : Checking authorization on GET /swagger-ui/swagger-ui-standalone-preset.js using org.springframework.security.config.annotation.web.configurers.AuthorizeHttpRequestsConfigurer$$Lambda$1535/0x0000017181980400@95b3127
2024-10-14T18:16:27.192-03:00 DEBUG 15460 --- [montadora] [http-nio-8000-exec-5] o.s.security.web.FilterChainProxy        : Secured GET /swagger-ui/swagger-ui-standalone-preset.js
2024-10-14T18:16:27.192-03:00 DEBUG 15460 --- [montadora] [http-nio-8000-exec-5] o.s.web.servlet.DispatcherServlet        : GET "/montadora/swagger-ui/swagger-ui-standalone-preset.js", parameters={}
2024-10-14T18:16:27.193-03:00 DEBUG 15460 --- [montadora] [http-nio-8000-exec-5] o.s.w.s.handler.SimpleUrlHandlerMapping  : Mapped to ResourceHttpRequestHandler [classpath [META-INF/resources/webjars/]]
2024-10-14T18:16:27.193-03:00 TRACE 15460 --- [montadora] [http-nio-8000-exec-6] o.s.security.web.FilterChainProxy        : Trying to match request against DefaultSecurityFilterChain [RequestMatcher=any request, Filters=[org.springframework.security.web.session.DisableEncodeUrlFilter@7676b1cb, org.springframework.security.web.context.request.async.WebAsyncManagerIntegrationFilter@74e4e786, org.springframework.security.web.context.SecurityContextHolderFilter@17788b96, org.springframework.security.web.header.HeaderWriterFilter@2c8a8748, org.springframework.web.filter.CorsFilter@2c2020a3, org.springframework.security.web.authentication.logout.LogoutFilter@5c2a84f, br.com.example.montadora.security.AuthTokenFilter@63fd641c, org.springframework.security.web.savedrequest.RequestCacheAwareFilter@3a4757e9, org.springframework.security.web.servletapi.SecurityContextHolderAwareRequestFilter@43eb934, org.springframework.security.web.authentication.AnonymousAuthenticationFilter@743cc711, org.springframework.security.web.session.SessionManagementFilter@68c952a2, org.springframework.security.web.access.ExceptionTranslationFilter@4ad9eba8, org.springframework.security.web.access.intercept.AuthorizationFilter@56876007]] (1/1)
2024-10-14T18:16:27.193-03:00 DEBUG 15460 --- [montadora] [http-nio-8000-exec-6] o.s.security.web.FilterChainProxy        : Securing GET /swagger-ui/swagger-initializer.js
2024-10-14T18:16:27.194-03:00 TRACE 15460 --- [montadora] [http-nio-8000-exec-6] o.s.security.web.FilterChainProxy        : Invoking DisableEncodeUrlFilter (1/13)
2024-10-14T18:16:27.194-03:00 TRACE 15460 --- [montadora] [http-nio-8000-exec-6] o.s.security.web.FilterChainProxy        : Invoking WebAsyncManagerIntegrationFilter (2/13)
2024-10-14T18:16:27.194-03:00 TRACE 15460 --- [montadora] [http-nio-8000-exec-6] o.s.security.web.FilterChainProxy        : Invoking SecurityContextHolderFilter (3/13)
2024-10-14T18:16:27.194-03:00 TRACE 15460 --- [montadora] [http-nio-8000-exec-6] o.s.security.web.FilterChainProxy        : Invoking HeaderWriterFilter (4/13)
2024-10-14T18:16:27.194-03:00 TRACE 15460 --- [montadora] [http-nio-8000-exec-6] o.s.security.web.FilterChainProxy        : Invoking CorsFilter (5/13)
2024-10-14T18:16:27.194-03:00 TRACE 15460 --- [montadora] [http-nio-8000-exec-6] o.s.security.web.FilterChainProxy        : Invoking LogoutFilter (6/13)
2024-10-14T18:16:27.195-03:00 TRACE 15460 --- [montadora] [http-nio-8000-exec-6] o.s.s.w.a.logout.LogoutFilter            : Did not match request to Or [Ant [pattern='/logout', GET], Ant [pattern='/logout', POST], Ant [pattern='/logout', PUT], Ant [pattern='/logout', DELETE]]
2024-10-14T18:16:27.195-03:00 TRACE 15460 --- [montadora] [http-nio-8000-exec-6] o.s.security.web.FilterChainProxy        : Invoking AuthTokenFilter (7/13)
2024-10-14T18:16:27.195-03:00 TRACE 15460 --- [montadora] [http-nio-8000-exec-6] o.s.security.web.FilterChainProxy        : Invoking RequestCacheAwareFilter (8/13)
2024-10-14T18:16:27.195-03:00 TRACE 15460 --- [montadora] [http-nio-8000-exec-6] o.s.security.web.FilterChainProxy        : Invoking SecurityContextHolderAwareRequestFilter (9/13)
2024-10-14T18:16:27.195-03:00 TRACE 15460 --- [montadora] [http-nio-8000-exec-6] o.s.security.web.FilterChainProxy        : Invoking AnonymousAuthenticationFilter (10/13)
2024-10-14T18:16:27.195-03:00 TRACE 15460 --- [montadora] [http-nio-8000-exec-6] o.s.security.web.FilterChainProxy        : Invoking SessionManagementFilter (11/13)
2024-10-14T18:16:27.195-03:00 TRACE 15460 --- [montadora] [http-nio-8000-exec-6] .s.s.w.c.SupplierDeferredSecurityContext : Created SecurityContextImpl [Null authentication]
2024-10-14T18:16:27.195-03:00 TRACE 15460 --- [montadora] [http-nio-8000-exec-6] o.s.s.w.a.AnonymousAuthenticationFilter  : Set SecurityContextHolder to AnonymousAuthenticationToken [Principal=anonymousUser, Credentials=[PROTECTED], Authenticated=true, Details=WebAuthenticationDetails [RemoteIpAddress=0:0:0:0:0:0:0:1, SessionId=null], Granted Authorities=[ROLE_ANONYMOUS]]
2024-10-14T18:16:27.196-03:00 TRACE 15460 --- [montadora] [http-nio-8000-exec-6] o.s.security.web.FilterChainProxy        : Invoking ExceptionTranslationFilter (12/13)
2024-10-14T18:16:27.196-03:00 TRACE 15460 --- [montadora] [http-nio-8000-exec-6] o.s.security.web.FilterChainProxy        : Invoking AuthorizationFilter (13/13)
2024-10-14T18:16:27.196-03:00 TRACE 15460 --- [montadora] [http-nio-8000-exec-6] estMatcherDelegatingAuthorizationManager : Authorizing GET /swagger-ui/swagger-initializer.js
2024-10-14T18:16:27.196-03:00 TRACE 15460 --- [montadora] [http-nio-8000-exec-6] estMatcherDelegatingAuthorizationManager : Checking authorization on GET /swagger-ui/swagger-initializer.js using org.springframework.security.config.annotation.web.configurers.AuthorizeHttpRequestsConfigurer$$Lambda$1535/0x0000017181980400@95b3127
2024-10-14T18:16:27.196-03:00 DEBUG 15460 --- [montadora] [http-nio-8000-exec-6] o.s.security.web.FilterChainProxy        : Secured GET /swagger-ui/swagger-initializer.js
2024-10-14T18:16:27.197-03:00 DEBUG 15460 --- [montadora] [http-nio-8000-exec-6] o.s.web.servlet.DispatcherServlet        : GET "/montadora/swagger-ui/swagger-initializer.js", parameters={}
2024-10-14T18:16:27.197-03:00 DEBUG 15460 --- [montadora] [http-nio-8000-exec-6] o.s.w.s.handler.SimpleUrlHandlerMapping  : Mapped to ResourceHttpRequestHandler [classpath [META-INF/resources/webjars/]]
2024-10-14T18:16:27.198-03:00 TRACE 15460 --- [montadora] [http-nio-8000-exec-5] o.s.s.w.header.writers.HstsHeaderWriter  : Not injecting HSTS header since it did not match request to [Is Secure]
2024-10-14T18:16:27.202-03:00 DEBUG 15460 --- [montadora] [http-nio-8000-exec-5] o.s.web.servlet.DispatcherServlet        : Completed 200 OK
2024-10-14T18:16:27.227-03:00 TRACE 15460 --- [montadora] [http-nio-8000-exec-6] o.s.s.w.header.writers.HstsHeaderWriter  : Not injecting HSTS header since it did not match request to [Is Secure]
2024-10-14T18:16:27.228-03:00 DEBUG 15460 --- [montadora] [http-nio-8000-exec-6] o.s.web.servlet.DispatcherServlet        : Completed 200 OK
2024-10-14T18:16:27.332-03:00 TRACE 15460 --- [montadora] [http-nio-8000-exec-7] o.s.security.web.FilterChainProxy        : Trying to match request against DefaultSecurityFilterChain [RequestMatcher=any request, Filters=[org.springframework.security.web.session.DisableEncodeUrlFilter@7676b1cb, org.springframework.security.web.context.request.async.WebAsyncManagerIntegrationFilter@74e4e786, org.springframework.security.web.context.SecurityContextHolderFilter@17788b96, org.springframework.security.web.header.HeaderWriterFilter@2c8a8748, org.springframework.web.filter.CorsFilter@2c2020a3, org.springframework.security.web.authentication.logout.LogoutFilter@5c2a84f, br.com.example.montadora.security.AuthTokenFilter@63fd641c, org.springframework.security.web.savedrequest.RequestCacheAwareFilter@3a4757e9, org.springframework.security.web.servletapi.SecurityContextHolderAwareRequestFilter@43eb934, org.springframework.security.web.authentication.AnonymousAuthenticationFilter@743cc711, org.springframework.security.web.session.SessionManagementFilter@68c952a2, org.springframework.security.web.access.ExceptionTranslationFilter@4ad9eba8, org.springframework.security.web.access.intercept.AuthorizationFilter@56876007]] (1/1)
2024-10-14T18:16:27.332-03:00 DEBUG 15460 --- [montadora] [http-nio-8000-exec-7] o.s.security.web.FilterChainProxy        : Securing GET /swagger-ui/favicon-32x32.png
2024-10-14T18:16:27.332-03:00 TRACE 15460 --- [montadora] [http-nio-8000-exec-7] o.s.security.web.FilterChainProxy        : Invoking DisableEncodeUrlFilter (1/13)
2024-10-14T18:16:27.332-03:00 TRACE 15460 --- [montadora] [http-nio-8000-exec-7] o.s.security.web.FilterChainProxy        : Invoking WebAsyncManagerIntegrationFilter (2/13)
2024-10-14T18:16:27.332-03:00 TRACE 15460 --- [montadora] [http-nio-8000-exec-7] o.s.security.web.FilterChainProxy        : Invoking SecurityContextHolderFilter (3/13)
2024-10-14T18:16:27.332-03:00 TRACE 15460 --- [montadora] [http-nio-8000-exec-7] o.s.security.web.FilterChainProxy        : Invoking HeaderWriterFilter (4/13)
2024-10-14T18:16:27.333-03:00 TRACE 15460 --- [montadora] [http-nio-8000-exec-7] o.s.security.web.FilterChainProxy        : Invoking CorsFilter (5/13)
2024-10-14T18:16:27.333-03:00 TRACE 15460 --- [montadora] [http-nio-8000-exec-7] o.s.security.web.FilterChainProxy        : Invoking LogoutFilter (6/13)
2024-10-14T18:16:27.333-03:00 TRACE 15460 --- [montadora] [http-nio-8000-exec-7] o.s.s.w.a.logout.LogoutFilter            : Did not match request to Or [Ant [pattern='/logout', GET], Ant [pattern='/logout', POST], Ant [pattern='/logout', PUT], Ant [pattern='/logout', DELETE]]
2024-10-14T18:16:27.333-03:00 TRACE 15460 --- [montadora] [http-nio-8000-exec-7] o.s.security.web.FilterChainProxy        : Invoking AuthTokenFilter (7/13)
2024-10-14T18:16:27.333-03:00 TRACE 15460 --- [montadora] [http-nio-8000-exec-7] o.s.security.web.FilterChainProxy        : Invoking RequestCacheAwareFilter (8/13)
2024-10-14T18:16:27.333-03:00 TRACE 15460 --- [montadora] [http-nio-8000-exec-7] o.s.security.web.FilterChainProxy        : Invoking SecurityContextHolderAwareRequestFilter (9/13)
2024-10-14T18:16:27.333-03:00 TRACE 15460 --- [montadora] [http-nio-8000-exec-7] o.s.security.web.FilterChainProxy        : Invoking AnonymousAuthenticationFilter (10/13)
2024-10-14T18:16:27.333-03:00 TRACE 15460 --- [montadora] [http-nio-8000-exec-7] o.s.security.web.FilterChainProxy        : Invoking SessionManagementFilter (11/13)
2024-10-14T18:16:27.333-03:00 TRACE 15460 --- [montadora] [http-nio-8000-exec-7] .s.s.w.c.SupplierDeferredSecurityContext : Created SecurityContextImpl [Null authentication]
2024-10-14T18:16:27.334-03:00 TRACE 15460 --- [montadora] [http-nio-8000-exec-7] o.s.s.w.a.AnonymousAuthenticationFilter  : Set SecurityContextHolder to AnonymousAuthenticationToken [Principal=anonymousUser, Credentials=[PROTECTED], Authenticated=true, Details=WebAuthenticationDetails [RemoteIpAddress=0:0:0:0:0:0:0:1, SessionId=null], Granted Authorities=[ROLE_ANONYMOUS]]
2024-10-14T18:16:27.334-03:00 TRACE 15460 --- [montadora] [http-nio-8000-exec-7] o.s.security.web.FilterChainProxy        : Invoking ExceptionTranslationFilter (12/13)
2024-10-14T18:16:27.334-03:00 TRACE 15460 --- [montadora] [http-nio-8000-exec-7] o.s.security.web.FilterChainProxy        : Invoking AuthorizationFilter (13/13)
2024-10-14T18:16:27.334-03:00 TRACE 15460 --- [montadora] [http-nio-8000-exec-7] estMatcherDelegatingAuthorizationManager : Authorizing GET /swagger-ui/favicon-32x32.png
2024-10-14T18:16:27.334-03:00 TRACE 15460 --- [montadora] [http-nio-8000-exec-7] estMatcherDelegatingAuthorizationManager : Checking authorization on GET /swagger-ui/favicon-32x32.png using org.springframework.security.config.annotation.web.configurers.AuthorizeHttpRequestsConfigurer$$Lambda$1535/0x0000017181980400@95b3127
2024-10-14T18:16:27.334-03:00 DEBUG 15460 --- [montadora] [http-nio-8000-exec-7] o.s.security.web.FilterChainProxy        : Secured GET /swagger-ui/favicon-32x32.png
2024-10-14T18:16:27.334-03:00 DEBUG 15460 --- [montadora] [http-nio-8000-exec-7] o.s.web.servlet.DispatcherServlet        : GET "/montadora/swagger-ui/favicon-32x32.png", parameters={}
2024-10-14T18:16:27.335-03:00 DEBUG 15460 --- [montadora] [http-nio-8000-exec-7] o.s.w.s.handler.SimpleUrlHandlerMapping  : Mapped to ResourceHttpRequestHandler [classpath [META-INF/resources/webjars/]]
2024-10-14T18:16:27.338-03:00 DEBUG 15460 --- [montadora] [http-nio-8000-exec-7] o.s.web.servlet.DispatcherServlet        : Completed 304 NOT_MODIFIED
2024-10-14T18:16:27.339-03:00 TRACE 15460 --- [montadora] [http-nio-8000-exec-7] o.s.s.w.header.writers.HstsHeaderWriter  : Not injecting HSTS header since it did not match request to [Is Secure]
2024-10-14T18:16:27.370-03:00 TRACE 15460 --- [montadora] [http-nio-8000-exec-8] o.s.security.web.FilterChainProxy        : Trying to match request against DefaultSecurityFilterChain [RequestMatcher=any request, Filters=[org.springframework.security.web.session.DisableEncodeUrlFilter@7676b1cb, org.springframework.security.web.context.request.async.WebAsyncManagerIntegrationFilter@74e4e786, org.springframework.security.web.context.SecurityContextHolderFilter@17788b96, org.springframework.security.web.header.HeaderWriterFilter@2c8a8748, org.springframework.web.filter.CorsFilter@2c2020a3, org.springframework.security.web.authentication.logout.LogoutFilter@5c2a84f, br.com.example.montadora.security.AuthTokenFilter@63fd641c, org.springframework.security.web.savedrequest.RequestCacheAwareFilter@3a4757e9, org.springframework.security.web.servletapi.SecurityContextHolderAwareRequestFilter@43eb934, org.springframework.security.web.authentication.AnonymousAuthenticationFilter@743cc711, org.springframework.security.web.session.SessionManagementFilter@68c952a2, org.springframework.security.web.access.ExceptionTranslationFilter@4ad9eba8, org.springframework.security.web.access.intercept.AuthorizationFilter@56876007]] (1/1)
2024-10-14T18:16:27.371-03:00 DEBUG 15460 --- [montadora] [http-nio-8000-exec-8] o.s.security.web.FilterChainProxy        : Securing GET /v3/api-docs/swagger-config
2024-10-14T18:16:27.371-03:00 TRACE 15460 --- [montadora] [http-nio-8000-exec-8] o.s.security.web.FilterChainProxy        : Invoking DisableEncodeUrlFilter (1/13)
2024-10-14T18:16:27.371-03:00 TRACE 15460 --- [montadora] [http-nio-8000-exec-8] o.s.security.web.FilterChainProxy        : Invoking WebAsyncManagerIntegrationFilter (2/13)
2024-10-14T18:16:27.371-03:00 TRACE 15460 --- [montadora] [http-nio-8000-exec-8] o.s.security.web.FilterChainProxy        : Invoking SecurityContextHolderFilter (3/13)
2024-10-14T18:16:27.371-03:00 TRACE 15460 --- [montadora] [http-nio-8000-exec-8] o.s.security.web.FilterChainProxy        : Invoking HeaderWriterFilter (4/13)
2024-10-14T18:16:27.371-03:00 TRACE 15460 --- [montadora] [http-nio-8000-exec-8] o.s.security.web.FilterChainProxy        : Invoking CorsFilter (5/13)
2024-10-14T18:16:27.371-03:00 TRACE 15460 --- [montadora] [http-nio-8000-exec-8] o.s.security.web.FilterChainProxy        : Invoking LogoutFilter (6/13)
2024-10-14T18:16:27.371-03:00 TRACE 15460 --- [montadora] [http-nio-8000-exec-8] o.s.s.w.a.logout.LogoutFilter            : Did not match request to Or [Ant [pattern='/logout', GET], Ant [pattern='/logout', POST], Ant [pattern='/logout', PUT], Ant [pattern='/logout', DELETE]]
2024-10-14T18:16:27.371-03:00 TRACE 15460 --- [montadora] [http-nio-8000-exec-8] o.s.security.web.FilterChainProxy        : Invoking AuthTokenFilter (7/13)
2024-10-14T18:16:27.372-03:00 TRACE 15460 --- [montadora] [http-nio-8000-exec-8] o.s.security.web.FilterChainProxy        : Invoking RequestCacheAwareFilter (8/13)
2024-10-14T18:16:27.372-03:00 TRACE 15460 --- [montadora] [http-nio-8000-exec-8] o.s.security.web.FilterChainProxy        : Invoking SecurityContextHolderAwareRequestFilter (9/13)
2024-10-14T18:16:27.372-03:00 TRACE 15460 --- [montadora] [http-nio-8000-exec-8] o.s.security.web.FilterChainProxy        : Invoking AnonymousAuthenticationFilter (10/13)
2024-10-14T18:16:27.372-03:00 TRACE 15460 --- [montadora] [http-nio-8000-exec-8] o.s.security.web.FilterChainProxy        : Invoking SessionManagementFilter (11/13)
2024-10-14T18:16:27.372-03:00 TRACE 15460 --- [montadora] [http-nio-8000-exec-8] .s.s.w.c.SupplierDeferredSecurityContext : Created SecurityContextImpl [Null authentication]
2024-10-14T18:16:27.372-03:00 TRACE 15460 --- [montadora] [http-nio-8000-exec-8] o.s.s.w.a.AnonymousAuthenticationFilter  : Set SecurityContextHolder to AnonymousAuthenticationToken [Principal=anonymousUser, Credentials=[PROTECTED], Authenticated=true, Details=WebAuthenticationDetails [RemoteIpAddress=0:0:0:0:0:0:0:1, SessionId=null], Granted Authorities=[ROLE_ANONYMOUS]]
2024-10-14T18:16:27.372-03:00 TRACE 15460 --- [montadora] [http-nio-8000-exec-8] o.s.security.web.FilterChainProxy        : Invoking ExceptionTranslationFilter (12/13)
2024-10-14T18:16:27.372-03:00 TRACE 15460 --- [montadora] [http-nio-8000-exec-8] o.s.security.web.FilterChainProxy        : Invoking AuthorizationFilter (13/13)
2024-10-14T18:16:27.372-03:00 TRACE 15460 --- [montadora] [http-nio-8000-exec-8] estMatcherDelegatingAuthorizationManager : Authorizing GET /v3/api-docs/swagger-config
2024-10-14T18:16:27.373-03:00 TRACE 15460 --- [montadora] [http-nio-8000-exec-8] estMatcherDelegatingAuthorizationManager : Checking authorization on GET /v3/api-docs/swagger-config using org.springframework.security.config.annotation.web.configurers.AuthorizeHttpRequestsConfigurer$$Lambda$1535/0x0000017181980400@95b3127
2024-10-14T18:16:27.373-03:00 DEBUG 15460 --- [montadora] [http-nio-8000-exec-8] o.s.security.web.FilterChainProxy        : Secured GET /v3/api-docs/swagger-config
2024-10-14T18:16:27.373-03:00 DEBUG 15460 --- [montadora] [http-nio-8000-exec-8] o.s.web.servlet.DispatcherServlet        : GET "/montadora/v3/api-docs/swagger-config", parameters={}
2024-10-14T18:16:27.373-03:00 DEBUG 15460 --- [montadora] [http-nio-8000-exec-8] s.w.s.m.m.a.RequestMappingHandlerMapping : Mapped to org.springdoc.webmvc.ui.SwaggerConfigResource#openapiJson(HttpServletRequest)
2024-10-14T18:16:27.389-03:00 DEBUG 15460 --- [montadora] [http-nio-8000-exec-8] m.m.a.RequestResponseBodyMethodProcessor : Using 'application/json', given [*/*] and supported [application/json]
2024-10-14T18:16:27.390-03:00 DEBUG 15460 --- [montadora] [http-nio-8000-exec-8] m.m.a.RequestResponseBodyMethodProcessor : Writing [{configUrl=/montadora/v3/api-docs/swagger-config, oauth2RedirectUrl=http://localhost:8000/montadora/ (truncated)...]
2024-10-14T18:16:27.395-03:00 TRACE 15460 --- [montadora] [http-nio-8000-exec-8] o.s.s.w.header.writers.HstsHeaderWriter  : Not injecting HSTS header since it did not match request to [Is Secure]
2024-10-14T18:16:27.396-03:00 DEBUG 15460 --- [montadora] [http-nio-8000-exec-8] o.s.web.servlet.DispatcherServlet        : Completed 200 OK
2024-10-14T18:16:27.404-03:00 TRACE 15460 --- [montadora] [http-nio-8000-exec-9] o.s.security.web.FilterChainProxy        : Trying to match request against DefaultSecurityFilterChain [RequestMatcher=any request, Filters=[org.springframework.security.web.session.DisableEncodeUrlFilter@7676b1cb, org.springframework.security.web.context.request.async.WebAsyncManagerIntegrationFilter@74e4e786, org.springframework.security.web.context.SecurityContextHolderFilter@17788b96, org.springframework.security.web.header.HeaderWriterFilter@2c8a8748, org.springframework.web.filter.CorsFilter@2c2020a3, org.springframework.security.web.authentication.logout.LogoutFilter@5c2a84f, br.com.example.montadora.security.AuthTokenFilter@63fd641c, org.springframework.security.web.savedrequest.RequestCacheAwareFilter@3a4757e9, org.springframework.security.web.servletapi.SecurityContextHolderAwareRequestFilter@43eb934, org.springframework.security.web.authentication.AnonymousAuthenticationFilter@743cc711, org.springframework.security.web.session.SessionManagementFilter@68c952a2, org.springframework.security.web.access.ExceptionTranslationFilter@4ad9eba8, org.springframework.security.web.access.intercept.AuthorizationFilter@56876007]] (1/1)
2024-10-14T18:16:27.405-03:00 DEBUG 15460 --- [montadora] [http-nio-8000-exec-9] o.s.security.web.FilterChainProxy        : Securing GET /v3/api-docs
2024-10-14T18:16:27.405-03:00 TRACE 15460 --- [montadora] [http-nio-8000-exec-9] o.s.security.web.FilterChainProxy        : Invoking DisableEncodeUrlFilter (1/13)
2024-10-14T18:16:27.405-03:00 TRACE 15460 --- [montadora] [http-nio-8000-exec-9] o.s.security.web.FilterChainProxy        : Invoking WebAsyncManagerIntegrationFilter (2/13)
2024-10-14T18:16:27.405-03:00 TRACE 15460 --- [montadora] [http-nio-8000-exec-9] o.s.security.web.FilterChainProxy        : Invoking SecurityContextHolderFilter (3/13)
2024-10-14T18:16:27.405-03:00 TRACE 15460 --- [montadora] [http-nio-8000-exec-9] o.s.security.web.FilterChainProxy        : Invoking HeaderWriterFilter (4/13)
2024-10-14T18:16:27.405-03:00 TRACE 15460 --- [montadora] [http-nio-8000-exec-9] o.s.security.web.FilterChainProxy        : Invoking CorsFilter (5/13)
2024-10-14T18:16:27.405-03:00 TRACE 15460 --- [montadora] [http-nio-8000-exec-9] o.s.security.web.FilterChainProxy        : Invoking LogoutFilter (6/13)
2024-10-14T18:16:27.405-03:00 TRACE 15460 --- [montadora] [http-nio-8000-exec-9] o.s.s.w.a.logout.LogoutFilter            : Did not match request to Or [Ant [pattern='/logout', GET], Ant [pattern='/logout', POST], Ant [pattern='/logout', PUT], Ant [pattern='/logout', DELETE]]
2024-10-14T18:16:27.405-03:00 TRACE 15460 --- [montadora] [http-nio-8000-exec-9] o.s.security.web.FilterChainProxy        : Invoking AuthTokenFilter (7/13)
2024-10-14T18:16:27.405-03:00 TRACE 15460 --- [montadora] [http-nio-8000-exec-9] o.s.security.web.FilterChainProxy        : Invoking RequestCacheAwareFilter (8/13)
2024-10-14T18:16:27.406-03:00 TRACE 15460 --- [montadora] [http-nio-8000-exec-9] o.s.security.web.FilterChainProxy        : Invoking SecurityContextHolderAwareRequestFilter (9/13)
2024-10-14T18:16:27.406-03:00 TRACE 15460 --- [montadora] [http-nio-8000-exec-9] o.s.security.web.FilterChainProxy        : Invoking AnonymousAuthenticationFilter (10/13)
2024-10-14T18:16:27.406-03:00 TRACE 15460 --- [montadora] [http-nio-8000-exec-9] o.s.security.web.FilterChainProxy        : Invoking SessionManagementFilter (11/13)
2024-10-14T18:16:27.406-03:00 TRACE 15460 --- [montadora] [http-nio-8000-exec-9] .s.s.w.c.SupplierDeferredSecurityContext : Created SecurityContextImpl [Null authentication]
2024-10-14T18:16:27.406-03:00 TRACE 15460 --- [montadora] [http-nio-8000-exec-9] o.s.s.w.a.AnonymousAuthenticationFilter  : Set SecurityContextHolder to AnonymousAuthenticationToken [Principal=anonymousUser, Credentials=[PROTECTED], Authenticated=true, Details=WebAuthenticationDetails [RemoteIpAddress=0:0:0:0:0:0:0:1, SessionId=null], Granted Authorities=[ROLE_ANONYMOUS]]
2024-10-14T18:16:27.406-03:00 TRACE 15460 --- [montadora] [http-nio-8000-exec-9] o.s.security.web.FilterChainProxy        : Invoking ExceptionTranslationFilter (12/13)
2024-10-14T18:16:27.406-03:00 TRACE 15460 --- [montadora] [http-nio-8000-exec-9] o.s.security.web.FilterChainProxy        : Invoking AuthorizationFilter (13/13)
2024-10-14T18:16:27.406-03:00 TRACE 15460 --- [montadora] [http-nio-8000-exec-9] estMatcherDelegatingAuthorizationManager : Authorizing GET /v3/api-docs
2024-10-14T18:16:27.406-03:00 TRACE 15460 --- [montadora] [http-nio-8000-exec-9] estMatcherDelegatingAuthorizationManager : Checking authorization on GET /v3/api-docs using org.springframework.security.config.annotation.web.configurers.AuthorizeHttpRequestsConfigurer$$Lambda$1535/0x0000017181980400@95b3127
2024-10-14T18:16:27.406-03:00 DEBUG 15460 --- [montadora] [http-nio-8000-exec-9] o.s.security.web.FilterChainProxy        : Secured GET /v3/api-docs
2024-10-14T18:16:27.406-03:00 DEBUG 15460 --- [montadora] [http-nio-8000-exec-9] o.s.web.servlet.DispatcherServlet        : GET "/montadora/v3/api-docs", parameters={}
2024-10-14T18:16:27.407-03:00 DEBUG 15460 --- [montadora] [http-nio-8000-exec-9] s.w.s.m.m.a.RequestMappingHandlerMapping : Mapped to org.springdoc.webmvc.api.OpenApiWebMvcResource#openapiJson(HttpServletRequest, String, Locale)
2024-10-14T18:16:27.677-03:00  INFO 15460 --- [montadora] [http-nio-8000-exec-9] o.springdoc.api.AbstractOpenApiResource  : Init duration for springdoc-openapi is: 258 ms
2024-10-14T18:16:27.696-03:00 DEBUG 15460 --- [montadora] [http-nio-8000-exec-9] m.m.a.RequestResponseBodyMethodProcessor : Using 'application/json', given [application/json, */*] and supported [application/json]
2024-10-14T18:16:27.697-03:00 DEBUG 15460 --- [montadora] [http-nio-8000-exec-9] m.m.a.RequestResponseBodyMethodProcessor : Writing [{123, 34, 111, 112, 101, 110, 97, 112, 105, 34, 58, 34, 51, 46, 48, 46, 49, 34, 44, 34, 105, 110, 10 (truncated)...]
2024-10-14T18:16:27.697-03:00 TRACE 15460 --- [montadora] [http-nio-8000-exec-9] o.s.s.w.header.writers.HstsHeaderWriter  : Not injecting HSTS header since it did not match request to [Is Secure]
2024-10-14T18:16:27.698-03:00 DEBUG 15460 --- [montadora] [http-nio-8000-exec-9] o.s.web.servlet.DispatcherServlet        : Completed 200 OK
2024-10-14T18:17:02.302-03:00  INFO 15460 --- [montadora] [RMI TCP Connection(3)-127.0.0.1] inMXBeanRegistrar$SpringApplicationAdmin : Application shutdown requested.
2024-10-14T18:17:02.360-03:00  INFO 15460 --- [montadora] [RMI TCP Connection(3)-127.0.0.1] j.LocalContainerEntityManagerFactoryBean : Closing JPA EntityManagerFactory for persistence unit 'default'
2024-10-14T18:17:02.364-03:00  INFO 15460 --- [montadora] [RMI TCP Connection(3)-127.0.0.1] com.zaxxer.hikari.HikariDataSource       : HikariPool-1 - Shutdown initiated...
2024-10-14T18:17:02.367-03:00  INFO 15460 --- [montadora] [RMI TCP Connection(3)-127.0.0.1] com.zaxxer.hikari.HikariDataSource       : HikariPool-1 - Shutdown completed.
